[2025-08-30 15:45:53] [ERROR] Image processing failed: Unsupported image format: C:\xampp\tmp\php8C3E.tmp_processed
[2025-08-30 15:45:53] [INFO] File uploaded successfully: uploads/events/68b31cb09900d_f6e0ace5.png
[2025-08-30 15:53:04] [ERROR] Image processing failed: Unsupported image format: C:\xampp\tmp\php21AB.tmp_processed
[2025-08-30 15:53:04] [INFO] File uploaded successfully: uploads/events/68b31e6019708_a9ca4324.png
[2025-08-30 15:53:04] [ERROR] There is already an active transaction {"query":"","params":[],"error_code":""}
[2025-08-30 15:53:04] [ERROR] There is no active transaction {"query":"","params":[],"error_code":""}
[2025-08-30 16:10:21] [ERROR] Image processing failed: Unsupported image format: C:\xampp\tmp\phpF33D.tmp_processed
[2025-08-30 16:10:21] [INFO] File uploaded successfully: uploads/events/68b3226ca9553_c4b29757.jpg
[2025-08-30 16:10:21] [ERROR] There is already an active transaction {"query":"","params":[],"error_code":""}
[2025-08-30 16:10:21] [ERROR] There is no active transaction {"query":"","params":[],"error_code":""}
[2025-08-31 00:47:59] [ERROR] There is already an active transaction {"query":"","params":[],"error_code":""}
[2025-08-31 00:47:59] [ERROR] There is no active transaction {"query":"","params":[],"error_code":""}
[2025-08-31 00:49:19] [ERROR] There is already an active transaction {"query":"","params":[],"error_code":""}
[2025-08-31 00:49:19] [ERROR] There is no active transaction {"query":"","params":[],"error_code":""}
[2025-08-31 00:49:57] [ERROR] There is already an active transaction {"query":"","params":[],"error_code":""}
[2025-08-31 00:56:39] [ERROR] There is already an active transaction {"query":"","params":[],"error_code":""}
[2025-08-31 01:06:09] [ERROR] There is already an active transaction {"query":"","params":[],"error_code":""}
[2025-08-31 01:06:50] [ERROR] There is already an active transaction {"query":"","params":[],"error_code":""}
[2025-08-31 01:07:38] [ERROR] There is already an active transaction {"query":"","params":[],"error_code":""}
[2025-08-31 01:07:39] [ERROR] There is no active transaction {"query":"","params":[],"error_code":""}
[2025-08-31 01:08:05] [ERROR] There is already an active transaction {"query":"","params":[],"error_code":""}
[2025-08-31 01:21:17] [ERROR] There is already an active transaction {"query":"","params":[],"error_code":""}
[2025-08-31 01:21:18] [ERROR] There is no active transaction {"query":"","params":[],"error_code":""}
[2025-08-31 01:21:50] [ERROR] There is already an active transaction {"query":"","params":[],"error_code":""}
[2025-08-31 01:21:50] [ERROR] There is no active transaction {"query":"","params":[],"error_code":""}
[2025-08-31 01:28:34] [ERROR] There is already an active transaction {"query":"","params":[],"error_code":""}
[2025-08-31 01:28:35] [ERROR] There is no active transaction {"query":"","params":[],"error_code":""}
[2025-08-31 01:29:32] [ERROR] There is already an active transaction {"query":"","params":[],"error_code":""}
[2025-08-31 01:29:32] [ERROR] There is no active transaction {"query":"","params":[],"error_code":""}
