[2025-09-22 00:00:56] Trees\Exception\TreesException: Route not found for path: /dist/css/bootstrap.min.css.map in C:\xampp\htdocs\evently\core\Router\Router.php on line 53
Stack trace:
#0 C:\xampp\htdocs\evently\core\Trees.php(169): Trees\Router\Router->resolve(Object(Trees\Http\Request))
#1 C:\xampp\htdocs\evently\core\Trees.php(139): Trees\Trees->dispatch()
#2 C:\xampp\htdocs\evently\public\index.php(8): Trees\Trees->run()
#3 {main}

[2025-09-22 00:01:27] Trees\Exception\TreesException: Route not found for path: /dist/css/bootstrap.min.css.map in C:\xampp\htdocs\evently\core\Router\Router.php on line 53
Stack trace:
#0 C:\xampp\htdocs\evently\core\Trees.php(169): Trees\Router\Router->resolve(Object(Trees\Http\Request))
#1 C:\xampp\htdocs\evently\core\Trees.php(139): Trees\Trees->dispatch()
#2 C:\xampp\htdocs\evently\public\index.php(8): Trees\Trees->run()
#3 {main}

[2025-09-22 00:01:27] Trees\Exception\TreesException: Route not found for path: /undefined in C:\xampp\htdocs\evently\core\Router\Router.php on line 53
Stack trace:
#0 C:\xampp\htdocs\evently\core\Trees.php(169): Trees\Router\Router->resolve(Object(Trees\Http\Request))
#1 C:\xampp\htdocs\evently\core\Trees.php(139): Trees\Trees->dispatch()
#2 C:\xampp\htdocs\evently\public\index.php(8): Trees\Trees->run()
#3 {main}

[2025-09-22 00:01:31] Trees\Exception\TreesException: Route not found for path: /undefined in C:\xampp\htdocs\evently\core\Router\Router.php on line 53
Stack trace:
#0 C:\xampp\htdocs\evently\core\Trees.php(169): Trees\Router\Router->resolve(Object(Trees\Http\Request))
#1 C:\xampp\htdocs\evently\core\Trees.php(139): Trees\Trees->dispatch()
#2 C:\xampp\htdocs\evently\public\index.php(8): Trees\Trees->run()
#3 {main}

[2025-09-22 00:01:32] Trees\Exception\TreesException: Route not found for path: /undefined in C:\xampp\htdocs\evently\core\Router\Router.php on line 53
Stack trace:
#0 C:\xampp\htdocs\evently\core\Trees.php(169): Trees\Router\Router->resolve(Object(Trees\Http\Request))
#1 C:\xampp\htdocs\evently\core\Trees.php(139): Trees\Trees->dispatch()
#2 C:\xampp\htdocs\evently\public\index.php(8): Trees\Trees->run()
#3 {main}

[2025-09-22 00:26:46] Trees\Exception\TreesException: Route not found for path: /dist/css/bootstrap.min.css.map in C:\xampp\htdocs\evently\core\Router\Router.php on line 53
Stack trace:
#0 C:\xampp\htdocs\evently\core\Trees.php(169): Trees\Router\Router->resolve(Object(Trees\Http\Request))
#1 C:\xampp\htdocs\evently\core\Trees.php(139): Trees\Trees->dispatch()
#2 C:\xampp\htdocs\evently\public\index.php(8): Trees\Trees->run()
#3 {main}

[2025-09-22 00:30:17] ErrorException: Array to string conversion in C:\xampp\htdocs\evently\core\Database\Drivers\MySQLDatabase.php on line 95
Stack trace:
#0 [internal function]: Trees\Exception\Handler\ExceptionHandler->handleError(2, 'Array to string...', 'C:\\xampp\\htdocs...', 95)
#1 C:\xampp\htdocs\evently\core\Database\Drivers\MySQLDatabase.php(95): PDOStatement->execute(Array)
#2 C:\xampp\htdocs\evently\core\Database\QueryBuilder\QueryBuilder.php(369): Trees\Database\Drivers\MySQLDatabase->query('SELECT * FROM e...', Array)
#3 C:\xampp\htdocs\evently\core\Database\Model\Model.php(830): Trees\Database\QueryBuilder\QueryBuilder->get()
#4 C:\xampp\htdocs\evently\app\controllers\EventController.php(230): Trees\Database\Model\Model::where(Array)
#5 C:\xampp\htdocs\evently\core\Trees.php(234): App\controllers\EventController->rss(Object(Trees\Http\Request), Object(Trees\Http\Response))
#6 C:\xampp\htdocs\evently\core\Trees.php(212): Trees\Trees->invokeController('App\\controllers...', 'rss', Array)
#7 C:\xampp\htdocs\evently\core\Trees.php(171): Trees\Trees->executeHandler(Object(Trees\Router\Route))
#8 C:\xampp\htdocs\evently\core\Trees.php(139): Trees\Trees->dispatch()
#9 C:\xampp\htdocs\evently\public\index.php(8): Trees\Trees->run()
#10 {main}

[2025-09-22 00:31:31] ErrorException: Array to string conversion in C:\xampp\htdocs\evently\core\Database\Drivers\MySQLDatabase.php on line 95
Stack trace:
#0 [internal function]: Trees\Exception\Handler\ExceptionHandler->handleError(2, 'Array to string...', 'C:\\xampp\\htdocs...', 95)
#1 C:\xampp\htdocs\evently\core\Database\Drivers\MySQLDatabase.php(95): PDOStatement->execute(Array)
#2 C:\xampp\htdocs\evently\core\Database\QueryBuilder\QueryBuilder.php(369): Trees\Database\Drivers\MySQLDatabase->query('SELECT * FROM e...', Array)
#3 C:\xampp\htdocs\evently\core\Database\Model\Model.php(830): Trees\Database\QueryBuilder\QueryBuilder->get()
#4 C:\xampp\htdocs\evently\app\controllers\EventController.php(230): Trees\Database\Model\Model::where(Array)
#5 C:\xampp\htdocs\evently\core\Trees.php(234): App\controllers\EventController->rss(Object(Trees\Http\Request), Object(Trees\Http\Response))
#6 C:\xampp\htdocs\evently\core\Trees.php(212): Trees\Trees->invokeController('App\\controllers...', 'rss', Array)
#7 C:\xampp\htdocs\evently\core\Trees.php(171): Trees\Trees->executeHandler(Object(Trees\Router\Route))
#8 C:\xampp\htdocs\evently\core\Trees.php(139): Trees\Trees->dispatch()
#9 C:\xampp\htdocs\evently\public\index.php(8): Trees\Trees->run()
#10 {main}

[2025-09-22 00:32:37] ErrorException: Array to string conversion in C:\xampp\htdocs\evently\core\Database\Drivers\MySQLDatabase.php on line 95
Stack trace:
#0 [internal function]: Trees\Exception\Handler\ExceptionHandler->handleError(2, 'Array to string...', 'C:\\xampp\\htdocs...', 95)
#1 C:\xampp\htdocs\evently\core\Database\Drivers\MySQLDatabase.php(95): PDOStatement->execute(Array)
#2 C:\xampp\htdocs\evently\core\Database\QueryBuilder\QueryBuilder.php(369): Trees\Database\Drivers\MySQLDatabase->query('SELECT * FROM e...', Array)
#3 C:\xampp\htdocs\evently\core\Database\Model\Model.php(830): Trees\Database\QueryBuilder\QueryBuilder->get()
#4 C:\xampp\htdocs\evently\app\controllers\EventController.php(236): Trees\Database\Model\Model::where(Array)
#5 C:\xampp\htdocs\evently\core\Trees.php(234): App\controllers\EventController->rss(Object(Trees\Http\Request), Object(Trees\Http\Response))
#6 C:\xampp\htdocs\evently\core\Trees.php(212): Trees\Trees->invokeController('App\\controllers...', 'rss', Array)
#7 C:\xampp\htdocs\evently\core\Trees.php(171): Trees\Trees->executeHandler(Object(Trees\Router\Route))
#8 C:\xampp\htdocs\evently\core\Trees.php(139): Trees\Trees->dispatch()
#9 C:\xampp\htdocs\evently\public\index.php(8): Trees\Trees->run()
#10 {main}

[2025-09-22 00:35:32] ErrorException: Attempt to read property "id" on array in C:\xampp\htdocs\evently\app\controllers\EventController.php on line 521
Stack trace:
#0 C:\xampp\htdocs\evently\app\controllers\EventController.php(521): Trees\Exception\Handler\ExceptionHandler->handleError(2, 'Attempt to read...', 'C:\\xampp\\htdocs...', 521)
#1 C:\xampp\htdocs\evently\app\controllers\EventController.php(243): App\controllers\EventController->generateEventsRSSFeed(Array, Object(Trees\Http\Request))
#2 C:\xampp\htdocs\evently\core\Trees.php(234): App\controllers\EventController->rss(Object(Trees\Http\Request), Object(Trees\Http\Response))
#3 C:\xampp\htdocs\evently\core\Trees.php(212): Trees\Trees->invokeController('App\\controllers...', 'rss', Array)
#4 C:\xampp\htdocs\evently\core\Trees.php(171): Trees\Trees->executeHandler(Object(Trees\Router\Route))
#5 C:\xampp\htdocs\evently\core\Trees.php(139): Trees\Trees->dispatch()
#6 C:\xampp\htdocs\evently\public\index.php(8): Trees\Trees->run()
#7 {main}

[2025-09-22 00:37:21] Trees\Exception\HttpException: Response already sent in C:\xampp\htdocs\evently\core\Http\Response.php on line 348
Stack trace:
#0 C:\xampp\htdocs\evently\core\Trees.php(172): Trees\Http\Response->send()
#1 C:\xampp\htdocs\evently\core\Trees.php(139): Trees\Trees->dispatch()
#2 C:\xampp\htdocs\evently\public\index.php(8): Trees\Trees->run()
#3 {main}

[2025-09-22 00:39:34] ErrorException: Undefined array key "data" in C:\xampp\htdocs\evently\app\controllers\EventController.php on line 548
Stack trace:
#0 C:\xampp\htdocs\evently\app\controllers\EventController.php(548): Trees\Exception\Handler\ExceptionHandler->handleError(2, 'Undefined array...', 'C:\\xampp\\htdocs...', 548)
#1 C:\xampp\htdocs\evently\app\controllers\EventController.php(219): App\controllers\EventController->generateEventsSitemap(Array, Object(Trees\Http\Request))
#2 C:\xampp\htdocs\evently\core\Trees.php(234): App\controllers\EventController->sitemap(Object(Trees\Http\Request), Object(Trees\Http\Response))
#3 C:\xampp\htdocs\evently\core\Trees.php(212): Trees\Trees->invokeController('App\\controllers...', 'sitemap', Array)
#4 C:\xampp\htdocs\evently\core\Trees.php(171): Trees\Trees->executeHandler(Object(Trees\Router\Route))
#5 C:\xampp\htdocs\evently\core\Trees.php(139): Trees\Trees->dispatch()
#6 C:\xampp\htdocs\evently\public\index.php(8): Trees\Trees->run()
#7 {main}

[2025-09-22 00:39:53] Trees\Exception\HttpException: Response already sent in C:\xampp\htdocs\evently\core\Http\Response.php on line 348
Stack trace:
#0 C:\xampp\htdocs\evently\core\Trees.php(172): Trees\Http\Response->send()
#1 C:\xampp\htdocs\evently\core\Trees.php(139): Trees\Trees->dispatch()
#2 C:\xampp\htdocs\evently\public\index.php(8): Trees\Trees->run()
#3 {main}

