[2025-08-29 23:51:00] ErrorException: Undefined array key "code" in C:\xampp\htdocs\evently\app\controllers\AdminEventController.php on line 38
Stack trace:
#0 C:\xampp\htdocs\evently\app\controllers\AdminEventController.php(38): Trees\Exception\Handler\ExceptionHandler->handleError(2, 'Undefined array...', 'C:\\xampp\\htdocs...', 38)
#1 C:\xampp\htdocs\evently\core\Trees.php(234): App\controllers\AdminEventController->create(Object(Trees\Http\Request), Object(Trees\Http\Response))
#2 C:\xampp\htdocs\evently\core\Trees.php(212): Trees\Trees->invokeController('App\\controllers...', 'create', Array)
#3 C:\xampp\htdocs\evently\core\Trees.php(171): Trees\Trees->executeHandler(Object(Trees\Router\Route))
#4 C:\xampp\htdocs\evently\core\Trees.php(139): Trees\Trees->dispatch()
#5 C:\xampp\htdocs\evently\public\index.php(8): Trees\Trees->run()
#6 {main}

[2025-08-29 23:54:08] ErrorException: Undefined array key "ABV" in C:\xampp\htdocs\evently\storage\cache\temp_68b23da098e120.54038242.php on line 62
Stack trace:
#0 C:\xampp\htdocs\evently\storage\cache\temp_68b23da098e120.54038242.php(62): Trees\Exception\Handler\ExceptionHandler->handleError(2, 'Undefined array...', 'C:\\xampp\\htdocs...', 62)
#1 C:\xampp\htdocs\evently\core\View\View.php(559): include('C:\\xampp\\htdocs...')
#2 C:\xampp\htdocs\evently\core\View\View.php(298): Trees\View\View->evaluateTemplate('<?php\r\n\r\n?>\r\n\r\n...', Array, 'C:\\xampp\\htdocs...')
#3 C:\xampp\htdocs\evently\core\View\View.php(147): Trees\View\View->renderTemplate('admin/events/cr...', Array)
#4 C:\xampp\htdocs\evently\core\Controller\Controller.php(34): Trees\View\View->render('admin/events/cr...', Array)
#5 C:\xampp\htdocs\evently\app\controllers\AdminEventController.php(38): Trees\Controller\Controller->render('admin/events/cr...', Array)
#6 C:\xampp\htdocs\evently\core\Trees.php(234): App\controllers\AdminEventController->create(Object(Trees\Http\Request), Object(Trees\Http\Response))
#7 C:\xampp\htdocs\evently\core\Trees.php(212): Trees\Trees->invokeController('App\\controllers...', 'create', Array)
#8 C:\xampp\htdocs\evently\core\Trees.php(171): Trees\Trees->executeHandler(Object(Trees\Router\Route))
#9 C:\xampp\htdocs\evently\core\Trees.php(139): Trees\Trees->dispatch()
#10 C:\xampp\htdocs\evently\public\index.php(8): Trees\Trees->run()
#11 {main}

