[2025-09-21 15:08:19] ErrorException: Array to string conversion in C:\xampp\htdocs\evently\core\Database\Drivers\MySQLDatabase.php on line 95
Stack trace:
#0 [internal function]: Trees\Exception\Handler\ExceptionHandler->handleError(2, 'Array to string...', 'C:\\xampp\\htdocs...', 95)
#1 C:\xampp\htdocs\evently\core\Database\Drivers\MySQLDatabase.php(95): PDOStatement->execute(Array)
#2 C:\xampp\htdocs\evently\core\Database\QueryBuilder\QueryBuilder.php(369): Trees\Database\Drivers\MySQLDatabase->query('SELECT * FROM a...', Array)
#3 C:\xampp\htdocs\evently\core\Database\Model\Model.php(830): Trees\Database\QueryBuilder\QueryBuilder->get()
#4 C:\xampp\htdocs\evently\app\models\Article.php(241): Trees\Database\Model\Model::where(Array)
#5 C:\xampp\htdocs\evently\app\models\Article.php(219): App\Models\Article::getByTag('Technology')
#6 C:\xampp\htdocs\evently\app\controllers\ArticleController.php(120): App\Models\Article->getRelatedArticles(4)
#7 C:\xampp\htdocs\evently\core\Trees.php(234): App\controllers\ArticleController->article(Object(Trees\Http\Request), Object(Trees\Http\Response), '1', 'the-technology-...')
#8 C:\xampp\htdocs\evently\core\Trees.php(212): Trees\Trees->invokeController('App\\controllers...', 'article', Array)
#9 C:\xampp\htdocs\evently\core\Trees.php(171): Trees\Trees->executeHandler(Object(Trees\Router\Route))
#10 C:\xampp\htdocs\evently\core\Trees.php(139): Trees\Trees->dispatch()
#11 C:\xampp\htdocs\evently\public\index.php(8): Trees\Trees->run()
#12 {main}

[2025-09-21 15:09:11] ErrorException: Array to string conversion in C:\xampp\htdocs\evently\core\Database\Drivers\MySQLDatabase.php on line 95
Stack trace:
#0 [internal function]: Trees\Exception\Handler\ExceptionHandler->handleError(2, 'Array to string...', 'C:\\xampp\\htdocs...', 95)
#1 C:\xampp\htdocs\evently\core\Database\Drivers\MySQLDatabase.php(95): PDOStatement->execute(Array)
#2 C:\xampp\htdocs\evently\core\Database\QueryBuilder\QueryBuilder.php(369): Trees\Database\Drivers\MySQLDatabase->query('SELECT * FROM a...', Array)
#3 C:\xampp\htdocs\evently\core\Database\Model\Model.php(830): Trees\Database\QueryBuilder\QueryBuilder->get()
#4 C:\xampp\htdocs\evently\app\models\Article.php(241): Trees\Database\Model\Model::where(Array)
#5 C:\xampp\htdocs\evently\app\models\Article.php(219): App\Models\Article::getByTag('Technology')
#6 C:\xampp\htdocs\evently\app\controllers\ArticleController.php(120): App\Models\Article->getRelatedArticles(4)
#7 C:\xampp\htdocs\evently\core\Trees.php(234): App\controllers\ArticleController->article(Object(Trees\Http\Request), Object(Trees\Http\Response), '1', 'the-technology-...')
#8 C:\xampp\htdocs\evently\core\Trees.php(212): Trees\Trees->invokeController('App\\controllers...', 'article', Array)
#9 C:\xampp\htdocs\evently\core\Trees.php(171): Trees\Trees->executeHandler(Object(Trees\Router\Route))
#10 C:\xampp\htdocs\evently\core\Trees.php(139): Trees\Trees->dispatch()
#11 C:\xampp\htdocs\evently\public\index.php(8): Trees\Trees->run()
#12 {main}

[2025-09-21 16:20:45] ErrorException: Undefined variable $user in C:\xampp\htdocs\evently\storage\cache\temp_68d017cd65d411.03717904.php on line 77
Stack trace:
#0 C:\xampp\htdocs\evently\storage\cache\temp_68d017cd65d411.03717904.php(77): Trees\Exception\Handler\ExceptionHandler->handleError(2, 'Undefined varia...', 'C:\\xampp\\htdocs...', 77)
#1 C:\xampp\htdocs\evently\core\View\View.php(559): include('C:\\xampp\\htdocs...')
#2 C:\xampp\htdocs\evently\core\View\View.php(298): Trees\View\View->evaluateTemplate('<?php\r\n\r\ndeclar...', Array, 'C:\\xampp\\htdocs...')
#3 C:\xampp\htdocs\evently\core\View\View.php(147): Trees\View\View->renderTemplate('article', Array)
#4 C:\xampp\htdocs\evently\core\Controller\Controller.php(34): Trees\View\View->render('article', Array)
#5 C:\xampp\htdocs\evently\app\controllers\ArticleController.php(168): Trees\Controller\Controller->render('article', Array)
#6 C:\xampp\htdocs\evently\core\Trees.php(234): App\controllers\ArticleController->article(Object(Trees\Http\Request), Object(Trees\Http\Response), '1', 'the-technology-...')
#7 C:\xampp\htdocs\evently\core\Trees.php(212): Trees\Trees->invokeController('App\\controllers...', 'article', Array)
#8 C:\xampp\htdocs\evently\core\Trees.php(171): Trees\Trees->executeHandler(Object(Trees\Router\Route))
#9 C:\xampp\htdocs\evently\core\Trees.php(139): Trees\Trees->dispatch()
#10 C:\xampp\htdocs\evently\public\index.php(8): Trees\Trees->run()
#11 {main}

[2025-09-21 16:31:45] TypeError: App\controllers\ArticleController::likeArticle(): Argument #3 ($id) must be of type int, string given, called in C:\xampp\htdocs\evently\core\Trees.php on line 234 in C:\xampp\htdocs\evently\app\controllers\ArticleController.php on line 174
Stack trace:
#0 C:\xampp\htdocs\evently\core\Trees.php(234): App\controllers\ArticleController->likeArticle(Object(Trees\Http\Request), Object(Trees\Http\Response), '1')
#1 C:\xampp\htdocs\evently\core\Trees.php(212): Trees\Trees->invokeController('App\\controllers...', 'likeArticle', Array)
#2 C:\xampp\htdocs\evently\core\Trees.php(171): Trees\Trees->executeHandler(Object(Trees\Router\Route))
#3 C:\xampp\htdocs\evently\core\Trees.php(139): Trees\Trees->dispatch()
#4 C:\xampp\htdocs\evently\public\index.php(8): Trees\Trees->run()
#5 {main}

[2025-09-21 16:31:52] Trees\Exception\TreesException: Route not found for path: /dist/css/bootstrap.min.css.map in C:\xampp\htdocs\evently\core\Router\Router.php on line 53
Stack trace:
#0 C:\xampp\htdocs\evently\core\Trees.php(169): Trees\Router\Router->resolve(Object(Trees\Http\Request))
#1 C:\xampp\htdocs\evently\core\Trees.php(139): Trees\Trees->dispatch()
#2 C:\xampp\htdocs\evently\public\index.php(8): Trees\Trees->run()
#3 {main}

[2025-09-21 16:32:06] Trees\Exception\TreesException: Route not found for path: /api/articles/1/like in C:\xampp\htdocs\evently\core\Router\Router.php on line 53
Stack trace:
#0 C:\xampp\htdocs\evently\core\Trees.php(169): Trees\Router\Router->resolve(Object(Trees\Http\Request))
#1 C:\xampp\htdocs\evently\core\Trees.php(139): Trees\Trees->dispatch()
#2 C:\xampp\htdocs\evently\public\index.php(8): Trees\Trees->run()
#3 {main}

[2025-09-21 16:34:14] Trees\Exception\TreesException: Route not found for path: /dist/css/bootstrap.min.css.map in C:\xampp\htdocs\evently\core\Router\Router.php on line 53
Stack trace:
#0 C:\xampp\htdocs\evently\core\Trees.php(169): Trees\Router\Router->resolve(Object(Trees\Http\Request))
#1 C:\xampp\htdocs\evently\core\Trees.php(139): Trees\Trees->dispatch()
#2 C:\xampp\htdocs\evently\public\index.php(8): Trees\Trees->run()
#3 {main}

[2025-09-21 16:34:17] TypeError: App\controllers\ArticleController::likeArticle(): Argument #3 ($id) must be of type int, string given, called in C:\xampp\htdocs\evently\core\Trees.php on line 234 in C:\xampp\htdocs\evently\app\controllers\ArticleController.php on line 174
Stack trace:
#0 C:\xampp\htdocs\evently\core\Trees.php(234): App\controllers\ArticleController->likeArticle(Object(Trees\Http\Request), Object(Trees\Http\Response), '1')
#1 C:\xampp\htdocs\evently\core\Trees.php(212): Trees\Trees->invokeController('App\\controllers...', 'likeArticle', Array)
#2 C:\xampp\htdocs\evently\core\Trees.php(171): Trees\Trees->executeHandler(Object(Trees\Router\Route))
#3 C:\xampp\htdocs\evently\core\Trees.php(139): Trees\Trees->dispatch()
#4 C:\xampp\htdocs\evently\public\index.php(8): Trees\Trees->run()
#5 {main}

[2025-09-21 16:37:10] Trees\Exception\TreesException: Route not found for path: /dist/css/bootstrap.min.css.map in C:\xampp\htdocs\evently\core\Router\Router.php on line 53
Stack trace:
#0 C:\xampp\htdocs\evently\core\Trees.php(169): Trees\Router\Router->resolve(Object(Trees\Http\Request))
#1 C:\xampp\htdocs\evently\core\Trees.php(139): Trees\Trees->dispatch()
#2 C:\xampp\htdocs\evently\public\index.php(8): Trees\Trees->run()
#3 {main}

[2025-09-21 19:58:55] ErrorException: Optional parameter $image declared before required parameter $request is implicitly treated as a required parameter in C:\xampp\htdocs\evently\app\controllers\ArticleController.php on line 410
Stack trace:
#0 C:\xampp\htdocs\evently\vendor\composer\ClassLoader.php(576): Trees\Exception\Handler\ExceptionHandler->handleError(8192, 'Optional parame...', 'C:\\xampp\\htdocs...', 410)
#1 C:\xampp\htdocs\evently\vendor\composer\ClassLoader.php(576): include()
#2 C:\xampp\htdocs\evently\vendor\composer\ClassLoader.php(427): Composer\Autoload\{closure}('C:\\xampp\\htdocs...')
#3 [internal function]: Composer\Autoload\ClassLoader->loadClass('App\\controllers...')
#4 C:\xampp\htdocs\evently\core\Trees.php(205): is_callable(Array)
#5 C:\xampp\htdocs\evently\core\Trees.php(171): Trees\Trees->executeHandler(Object(Trees\Router\Route))
#6 C:\xampp\htdocs\evently\core\Trees.php(139): Trees\Trees->dispatch()
#7 C:\xampp\htdocs\evently\public\index.php(8): Trees\Trees->run()
#8 {main}

[2025-09-21 21:05:00] Trees\Exception\TreesException: Route not found for path: /dist/css/article.css in C:\xampp\htdocs\evently\core\Router\Router.php on line 53
Stack trace:
#0 C:\xampp\htdocs\evently\core\Trees.php(169): Trees\Router\Router->resolve(Object(Trees\Http\Request))
#1 C:\xampp\htdocs\evently\core\Trees.php(139): Trees\Trees->dispatch()
#2 C:\xampp\htdocs\evently\public\index.php(8): Trees\Trees->run()
#3 {main}

[2025-09-21 21:05:00] Trees\Exception\TreesException: Route not found for path: /dist/js/article-interactions.js in C:\xampp\htdocs\evently\core\Router\Router.php on line 53
Stack trace:
#0 C:\xampp\htdocs\evently\core\Trees.php(169): Trees\Router\Router->resolve(Object(Trees\Http\Request))
#1 C:\xampp\htdocs\evently\core\Trees.php(139): Trees\Trees->dispatch()
#2 C:\xampp\htdocs\evently\public\index.php(8): Trees\Trees->run()
#3 {main}

