[2025-09-18 09:48:14] TypeError: App\controllers\AdminArticleController::manage(): Return value must be of type string, null returned in C:\xampp\htdocs\evently\app\controllers\AdminArticleController.php on line 58
Stack trace:
#0 C:\xampp\htdocs\evently\core\Trees.php(234): App\controllers\AdminArticleController->manage(Object(Trees\Http\Request), Object(Trees\Http\Response))
#1 C:\xampp\htdocs\evently\core\Trees.php(212): Trees\Trees->invokeController('App\\controllers...', 'manage', Array)
#2 C:\xampp\htdocs\evently\core\Trees.php(171): Trees\Trees->executeHandler(Object(Trees\Router\Route))
#3 C:\xampp\htdocs\evently\core\Trees.php(139): Trees\Trees->dispatch()
#4 C:\xampp\htdocs\evently\public\index.php(8): Trees\Trees->run()
#5 {main}

[2025-09-18 09:48:14] ErrorException: Cannot modify header information - headers already sent by (output started at C:\xampp\htdocs\evently\core\View\View.php:153) in C:\xampp\htdocs\evently\core\Exception\Handler\ExceptionHandler.php on line 149
Stack trace:
#0 [internal function]: Trees\Exception\Handler\ExceptionHandler->handleError(2, 'Cannot modify h...', 'C:\\xampp\\htdocs...', 149)
#1 C:\xampp\htdocs\evently\core\Exception\Handler\ExceptionHandler.php(149): header('Content-Type: t...')
#2 C:\xampp\htdocs\evently\core\Exception\Handler\ExceptionHandler.php(97): Trees\Exception\Handler\ExceptionHandler->renderDevelopmentError(Object(TypeError), Array)
#3 C:\xampp\htdocs\evently\core\Trees.php(147): Trees\Exception\Handler\ExceptionHandler->handleHttpException(Object(TypeError), Object(Trees\Http\Request))
#4 C:\xampp\htdocs\evently\core\Trees.php(141): Trees\Trees->handleException(Object(TypeError))
#5 C:\xampp\htdocs\evently\public\index.php(8): Trees\Trees->run()
#6 {main}

[18-Sep-2025 09:48:14 Africa/Lagos] PHP Warning:  Cannot modify header information - headers already sent by (output started at C:\xampp\htdocs\evently\core\View\View.php:153) in C:\xampp\htdocs\evently\core\Exception\Handler\ExceptionHandler.php on line 149
[2025-09-18 09:49:00] TypeError: App\controllers\AdminArticleController::manage(): Return value must be of type string, null returned in C:\xampp\htdocs\evently\app\controllers\AdminArticleController.php on line 58
Stack trace:
#0 C:\xampp\htdocs\evently\core\Trees.php(234): App\controllers\AdminArticleController->manage(Object(Trees\Http\Request), Object(Trees\Http\Response))
#1 C:\xampp\htdocs\evently\core\Trees.php(212): Trees\Trees->invokeController('App\\controllers...', 'manage', Array)
#2 C:\xampp\htdocs\evently\core\Trees.php(171): Trees\Trees->executeHandler(Object(Trees\Router\Route))
#3 C:\xampp\htdocs\evently\core\Trees.php(139): Trees\Trees->dispatch()
#4 C:\xampp\htdocs\evently\public\index.php(8): Trees\Trees->run()
#5 {main}

[2025-09-18 09:49:00] ErrorException: Cannot modify header information - headers already sent by (output started at C:\xampp\htdocs\evently\core\View\View.php:153) in C:\xampp\htdocs\evently\core\Exception\Handler\ExceptionHandler.php on line 149
Stack trace:
#0 [internal function]: Trees\Exception\Handler\ExceptionHandler->handleError(2, 'Cannot modify h...', 'C:\\xampp\\htdocs...', 149)
#1 C:\xampp\htdocs\evently\core\Exception\Handler\ExceptionHandler.php(149): header('Content-Type: t...')
#2 C:\xampp\htdocs\evently\core\Exception\Handler\ExceptionHandler.php(97): Trees\Exception\Handler\ExceptionHandler->renderDevelopmentError(Object(TypeError), Array)
#3 C:\xampp\htdocs\evently\core\Trees.php(147): Trees\Exception\Handler\ExceptionHandler->handleHttpException(Object(TypeError), Object(Trees\Http\Request))
#4 C:\xampp\htdocs\evently\core\Trees.php(141): Trees\Trees->handleException(Object(TypeError))
#5 C:\xampp\htdocs\evently\public\index.php(8): Trees\Trees->run()
#6 {main}

[18-Sep-2025 09:49:00 Africa/Lagos] PHP Warning:  Cannot modify header information - headers already sent by (output started at C:\xampp\htdocs\evently\core\View\View.php:153) in C:\xampp\htdocs\evently\core\Exception\Handler\ExceptionHandler.php on line 149
[2025-09-18 09:49:02] TypeError: App\controllers\AdminArticleController::manage(): Return value must be of type string, null returned in C:\xampp\htdocs\evently\app\controllers\AdminArticleController.php on line 58
Stack trace:
#0 C:\xampp\htdocs\evently\core\Trees.php(234): App\controllers\AdminArticleController->manage(Object(Trees\Http\Request), Object(Trees\Http\Response))
#1 C:\xampp\htdocs\evently\core\Trees.php(212): Trees\Trees->invokeController('App\\controllers...', 'manage', Array)
#2 C:\xampp\htdocs\evently\core\Trees.php(171): Trees\Trees->executeHandler(Object(Trees\Router\Route))
#3 C:\xampp\htdocs\evently\core\Trees.php(139): Trees\Trees->dispatch()
#4 C:\xampp\htdocs\evently\public\index.php(8): Trees\Trees->run()
#5 {main}

[2025-09-18 09:49:02] ErrorException: Cannot modify header information - headers already sent by (output started at C:\xampp\htdocs\evently\core\View\View.php:153) in C:\xampp\htdocs\evently\core\Exception\Handler\ExceptionHandler.php on line 149
Stack trace:
#0 [internal function]: Trees\Exception\Handler\ExceptionHandler->handleError(2, 'Cannot modify h...', 'C:\\xampp\\htdocs...', 149)
#1 C:\xampp\htdocs\evently\core\Exception\Handler\ExceptionHandler.php(149): header('Content-Type: t...')
#2 C:\xampp\htdocs\evently\core\Exception\Handler\ExceptionHandler.php(97): Trees\Exception\Handler\ExceptionHandler->renderDevelopmentError(Object(TypeError), Array)
#3 C:\xampp\htdocs\evently\core\Trees.php(147): Trees\Exception\Handler\ExceptionHandler->handleHttpException(Object(TypeError), Object(Trees\Http\Request))
#4 C:\xampp\htdocs\evently\core\Trees.php(141): Trees\Trees->handleException(Object(TypeError))
#5 C:\xampp\htdocs\evently\public\index.php(8): Trees\Trees->run()
#6 {main}

[18-Sep-2025 09:49:02 Africa/Lagos] PHP Warning:  Cannot modify header information - headers already sent by (output started at C:\xampp\htdocs\evently\core\View\View.php:153) in C:\xampp\htdocs\evently\core\Exception\Handler\ExceptionHandler.php on line 149
[2025-09-18 09:49:45] TypeError: App\controllers\AdminArticleController::manage(): Return value must be of type string, null returned in C:\xampp\htdocs\evently\app\controllers\AdminArticleController.php on line 58
Stack trace:
#0 C:\xampp\htdocs\evently\core\Trees.php(234): App\controllers\AdminArticleController->manage(Object(Trees\Http\Request), Object(Trees\Http\Response))
#1 C:\xampp\htdocs\evently\core\Trees.php(212): Trees\Trees->invokeController('App\\controllers...', 'manage', Array)
#2 C:\xampp\htdocs\evently\core\Trees.php(171): Trees\Trees->executeHandler(Object(Trees\Router\Route))
#3 C:\xampp\htdocs\evently\core\Trees.php(139): Trees\Trees->dispatch()
#4 C:\xampp\htdocs\evently\public\index.php(8): Trees\Trees->run()
#5 {main}

[2025-09-18 09:49:45] ErrorException: Cannot modify header information - headers already sent by (output started at C:\xampp\htdocs\evently\core\View\View.php:153) in C:\xampp\htdocs\evently\core\Exception\Handler\ExceptionHandler.php on line 149
Stack trace:
#0 [internal function]: Trees\Exception\Handler\ExceptionHandler->handleError(2, 'Cannot modify h...', 'C:\\xampp\\htdocs...', 149)
#1 C:\xampp\htdocs\evently\core\Exception\Handler\ExceptionHandler.php(149): header('Content-Type: t...')
#2 C:\xampp\htdocs\evently\core\Exception\Handler\ExceptionHandler.php(97): Trees\Exception\Handler\ExceptionHandler->renderDevelopmentError(Object(TypeError), Array)
#3 C:\xampp\htdocs\evently\core\Trees.php(147): Trees\Exception\Handler\ExceptionHandler->handleHttpException(Object(TypeError), Object(Trees\Http\Request))
#4 C:\xampp\htdocs\evently\core\Trees.php(141): Trees\Trees->handleException(Object(TypeError))
#5 C:\xampp\htdocs\evently\public\index.php(8): Trees\Trees->run()
#6 {main}

[18-Sep-2025 09:49:45 Africa/Lagos] PHP Warning:  Cannot modify header information - headers already sent by (output started at C:\xampp\htdocs\evently\core\View\View.php:153) in C:\xampp\htdocs\evently\core\Exception\Handler\ExceptionHandler.php on line 149
[2025-09-18 09:50:07] TypeError: App\controllers\AdminArticleController::manage(): Return value must be of type string, null returned in C:\xampp\htdocs\evently\app\controllers\AdminArticleController.php on line 58
Stack trace:
#0 C:\xampp\htdocs\evently\core\Trees.php(234): App\controllers\AdminArticleController->manage(Object(Trees\Http\Request), Object(Trees\Http\Response))
#1 C:\xampp\htdocs\evently\core\Trees.php(212): Trees\Trees->invokeController('App\\controllers...', 'manage', Array)
#2 C:\xampp\htdocs\evently\core\Trees.php(171): Trees\Trees->executeHandler(Object(Trees\Router\Route))
#3 C:\xampp\htdocs\evently\core\Trees.php(139): Trees\Trees->dispatch()
#4 C:\xampp\htdocs\evently\public\index.php(8): Trees\Trees->run()
#5 {main}

[2025-09-18 09:50:07] ErrorException: Cannot modify header information - headers already sent by (output started at C:\xampp\htdocs\evently\core\View\View.php:153) in C:\xampp\htdocs\evently\core\Exception\Handler\ExceptionHandler.php on line 149
Stack trace:
#0 [internal function]: Trees\Exception\Handler\ExceptionHandler->handleError(2, 'Cannot modify h...', 'C:\\xampp\\htdocs...', 149)
#1 C:\xampp\htdocs\evently\core\Exception\Handler\ExceptionHandler.php(149): header('Content-Type: t...')
#2 C:\xampp\htdocs\evently\core\Exception\Handler\ExceptionHandler.php(97): Trees\Exception\Handler\ExceptionHandler->renderDevelopmentError(Object(TypeError), Array)
#3 C:\xampp\htdocs\evently\core\Trees.php(147): Trees\Exception\Handler\ExceptionHandler->handleHttpException(Object(TypeError), Object(Trees\Http\Request))
#4 C:\xampp\htdocs\evently\core\Trees.php(141): Trees\Trees->handleException(Object(TypeError))
#5 C:\xampp\htdocs\evently\public\index.php(8): Trees\Trees->run()
#6 {main}

[18-Sep-2025 09:50:07 Africa/Lagos] PHP Warning:  Cannot modify header information - headers already sent by (output started at C:\xampp\htdocs\evently\core\View\View.php:153) in C:\xampp\htdocs\evently\core\Exception\Handler\ExceptionHandler.php on line 149
[2025-09-18 09:52:52] TypeError: App\controllers\AdminArticleController::manage(): Return value must be of type string, null returned in C:\xampp\htdocs\evently\app\controllers\AdminArticleController.php on line 58
Stack trace:
#0 C:\xampp\htdocs\evently\core\Trees.php(234): App\controllers\AdminArticleController->manage(Object(Trees\Http\Request), Object(Trees\Http\Response))
#1 C:\xampp\htdocs\evently\core\Trees.php(212): Trees\Trees->invokeController('App\\controllers...', 'manage', Array)
#2 C:\xampp\htdocs\evently\core\Trees.php(171): Trees\Trees->executeHandler(Object(Trees\Router\Route))
#3 C:\xampp\htdocs\evently\core\Trees.php(139): Trees\Trees->dispatch()
#4 C:\xampp\htdocs\evently\public\index.php(8): Trees\Trees->run()
#5 {main}

[2025-09-18 09:52:52] ErrorException: Cannot modify header information - headers already sent by (output started at C:\xampp\htdocs\evently\core\View\View.php:153) in C:\xampp\htdocs\evently\core\Exception\Handler\ExceptionHandler.php on line 149
Stack trace:
#0 [internal function]: Trees\Exception\Handler\ExceptionHandler->handleError(2, 'Cannot modify h...', 'C:\\xampp\\htdocs...', 149)
#1 C:\xampp\htdocs\evently\core\Exception\Handler\ExceptionHandler.php(149): header('Content-Type: t...')
#2 C:\xampp\htdocs\evently\core\Exception\Handler\ExceptionHandler.php(97): Trees\Exception\Handler\ExceptionHandler->renderDevelopmentError(Object(TypeError), Array)
#3 C:\xampp\htdocs\evently\core\Trees.php(147): Trees\Exception\Handler\ExceptionHandler->handleHttpException(Object(TypeError), Object(Trees\Http\Request))
#4 C:\xampp\htdocs\evently\core\Trees.php(141): Trees\Trees->handleException(Object(TypeError))
#5 C:\xampp\htdocs\evently\public\index.php(8): Trees\Trees->run()
#6 {main}

[18-Sep-2025 09:52:52 Africa/Lagos] PHP Warning:  Cannot modify header information - headers already sent by (output started at C:\xampp\htdocs\evently\core\View\View.php:153) in C:\xampp\htdocs\evently\core\Exception\Handler\ExceptionHandler.php on line 149
[2025-09-18 10:00:37] TypeError: App\controllers\AdminArticleController::manage(): Return value must be of type string, null returned in C:\xampp\htdocs\evently\app\controllers\AdminArticleController.php on line 82
Stack trace:
#0 C:\xampp\htdocs\evently\core\Trees.php(234): App\controllers\AdminArticleController->manage(Object(Trees\Http\Request), Object(Trees\Http\Response))
#1 C:\xampp\htdocs\evently\core\Trees.php(212): Trees\Trees->invokeController('App\\controllers...', 'manage', Array)
#2 C:\xampp\htdocs\evently\core\Trees.php(171): Trees\Trees->executeHandler(Object(Trees\Router\Route))
#3 C:\xampp\htdocs\evently\core\Trees.php(139): Trees\Trees->dispatch()
#4 C:\xampp\htdocs\evently\public\index.php(8): Trees\Trees->run()
#5 {main}

[2025-09-18 10:00:37] ErrorException: Cannot modify header information - headers already sent by (output started at C:\xampp\htdocs\evently\core\View\View.php:153) in C:\xampp\htdocs\evently\core\Exception\Handler\ExceptionHandler.php on line 149
Stack trace:
#0 [internal function]: Trees\Exception\Handler\ExceptionHandler->handleError(2, 'Cannot modify h...', 'C:\\xampp\\htdocs...', 149)
#1 C:\xampp\htdocs\evently\core\Exception\Handler\ExceptionHandler.php(149): header('Content-Type: t...')
#2 C:\xampp\htdocs\evently\core\Exception\Handler\ExceptionHandler.php(97): Trees\Exception\Handler\ExceptionHandler->renderDevelopmentError(Object(TypeError), Array)
#3 C:\xampp\htdocs\evently\core\Trees.php(147): Trees\Exception\Handler\ExceptionHandler->handleHttpException(Object(TypeError), Object(Trees\Http\Request))
#4 C:\xampp\htdocs\evently\core\Trees.php(141): Trees\Trees->handleException(Object(TypeError))
#5 C:\xampp\htdocs\evently\public\index.php(8): Trees\Trees->run()
#6 {main}

[18-Sep-2025 10:00:37 Africa/Lagos] PHP Warning:  Cannot modify header information - headers already sent by (output started at C:\xampp\htdocs\evently\core\View\View.php:153) in C:\xampp\htdocs\evently\core\Exception\Handler\ExceptionHandler.php on line 149
[2025-09-18 10:24:34] TypeError: App\controllers\AdminArticleController::manage(): Return value must be of type string, null returned in C:\xampp\htdocs\evently\app\controllers\AdminArticleController.php on line 82
Stack trace:
#0 C:\xampp\htdocs\evently\core\Trees.php(234): App\controllers\AdminArticleController->manage(Object(Trees\Http\Request), Object(Trees\Http\Response))
#1 C:\xampp\htdocs\evently\core\Trees.php(212): Trees\Trees->invokeController('App\\controllers...', 'manage', Array)
#2 C:\xampp\htdocs\evently\core\Trees.php(171): Trees\Trees->executeHandler(Object(Trees\Router\Route))
#3 C:\xampp\htdocs\evently\core\Trees.php(139): Trees\Trees->dispatch()
#4 C:\xampp\htdocs\evently\public\index.php(8): Trees\Trees->run()
#5 {main}

[2025-09-18 10:24:34] ErrorException: Cannot modify header information - headers already sent by (output started at C:\xampp\htdocs\evently\core\View\View.php:153) in C:\xampp\htdocs\evently\core\Exception\Handler\ExceptionHandler.php on line 149
Stack trace:
#0 [internal function]: Trees\Exception\Handler\ExceptionHandler->handleError(2, 'Cannot modify h...', 'C:\\xampp\\htdocs...', 149)
#1 C:\xampp\htdocs\evently\core\Exception\Handler\ExceptionHandler.php(149): header('Content-Type: t...')
#2 C:\xampp\htdocs\evently\core\Exception\Handler\ExceptionHandler.php(97): Trees\Exception\Handler\ExceptionHandler->renderDevelopmentError(Object(TypeError), Array)
#3 C:\xampp\htdocs\evently\core\Trees.php(147): Trees\Exception\Handler\ExceptionHandler->handleHttpException(Object(TypeError), Object(Trees\Http\Request))
#4 C:\xampp\htdocs\evently\core\Trees.php(141): Trees\Trees->handleException(Object(TypeError))
#5 C:\xampp\htdocs\evently\public\index.php(8): Trees\Trees->run()
#6 {main}

[18-Sep-2025 10:24:34 Africa/Lagos] PHP Warning:  Cannot modify header information - headers already sent by (output started at C:\xampp\htdocs\evently\core\View\View.php:153) in C:\xampp\htdocs\evently\core\Exception\Handler\ExceptionHandler.php on line 149
[2025-09-18 10:25:06] TypeError: App\controllers\AdminArticleController::manage(): Return value must be of type string, null returned in C:\xampp\htdocs\evently\app\controllers\AdminArticleController.php on line 82
Stack trace:
#0 C:\xampp\htdocs\evently\core\Trees.php(234): App\controllers\AdminArticleController->manage(Object(Trees\Http\Request), Object(Trees\Http\Response))
#1 C:\xampp\htdocs\evently\core\Trees.php(212): Trees\Trees->invokeController('App\\controllers...', 'manage', Array)
#2 C:\xampp\htdocs\evently\core\Trees.php(171): Trees\Trees->executeHandler(Object(Trees\Router\Route))
#3 C:\xampp\htdocs\evently\core\Trees.php(139): Trees\Trees->dispatch()
#4 C:\xampp\htdocs\evently\public\index.php(8): Trees\Trees->run()
#5 {main}

[2025-09-18 10:25:06] ErrorException: Cannot modify header information - headers already sent by (output started at C:\xampp\htdocs\evently\core\View\View.php:153) in C:\xampp\htdocs\evently\core\Exception\Handler\ExceptionHandler.php on line 149
Stack trace:
#0 [internal function]: Trees\Exception\Handler\ExceptionHandler->handleError(2, 'Cannot modify h...', 'C:\\xampp\\htdocs...', 149)
#1 C:\xampp\htdocs\evently\core\Exception\Handler\ExceptionHandler.php(149): header('Content-Type: t...')
#2 C:\xampp\htdocs\evently\core\Exception\Handler\ExceptionHandler.php(97): Trees\Exception\Handler\ExceptionHandler->renderDevelopmentError(Object(TypeError), Array)
#3 C:\xampp\htdocs\evently\core\Trees.php(147): Trees\Exception\Handler\ExceptionHandler->handleHttpException(Object(TypeError), Object(Trees\Http\Request))
#4 C:\xampp\htdocs\evently\core\Trees.php(141): Trees\Trees->handleException(Object(TypeError))
#5 C:\xampp\htdocs\evently\public\index.php(8): Trees\Trees->run()
#6 {main}

[18-Sep-2025 10:25:06 Africa/Lagos] PHP Warning:  Cannot modify header information - headers already sent by (output started at C:\xampp\htdocs\evently\core\View\View.php:153) in C:\xampp\htdocs\evently\core\Exception\Handler\ExceptionHandler.php on line 149
[2025-09-18 10:25:37] TypeError: App\controllers\AdminArticleController::manage(): Return value must be of type string, null returned in C:\xampp\htdocs\evently\app\controllers\AdminArticleController.php on line 82
Stack trace:
#0 C:\xampp\htdocs\evently\core\Trees.php(234): App\controllers\AdminArticleController->manage(Object(Trees\Http\Request), Object(Trees\Http\Response))
#1 C:\xampp\htdocs\evently\core\Trees.php(212): Trees\Trees->invokeController('App\\controllers...', 'manage', Array)
#2 C:\xampp\htdocs\evently\core\Trees.php(171): Trees\Trees->executeHandler(Object(Trees\Router\Route))
#3 C:\xampp\htdocs\evently\core\Trees.php(139): Trees\Trees->dispatch()
#4 C:\xampp\htdocs\evently\public\index.php(8): Trees\Trees->run()
#5 {main}

[2025-09-18 10:25:37] ErrorException: Cannot modify header information - headers already sent by (output started at C:\xampp\htdocs\evently\core\View\View.php:153) in C:\xampp\htdocs\evently\core\Exception\Handler\ExceptionHandler.php on line 149
Stack trace:
#0 [internal function]: Trees\Exception\Handler\ExceptionHandler->handleError(2, 'Cannot modify h...', 'C:\\xampp\\htdocs...', 149)
#1 C:\xampp\htdocs\evently\core\Exception\Handler\ExceptionHandler.php(149): header('Content-Type: t...')
#2 C:\xampp\htdocs\evently\core\Exception\Handler\ExceptionHandler.php(97): Trees\Exception\Handler\ExceptionHandler->renderDevelopmentError(Object(TypeError), Array)
#3 C:\xampp\htdocs\evently\core\Trees.php(147): Trees\Exception\Handler\ExceptionHandler->handleHttpException(Object(TypeError), Object(Trees\Http\Request))
#4 C:\xampp\htdocs\evently\core\Trees.php(141): Trees\Trees->handleException(Object(TypeError))
#5 C:\xampp\htdocs\evently\public\index.php(8): Trees\Trees->run()
#6 {main}

[18-Sep-2025 10:25:37 Africa/Lagos] PHP Warning:  Cannot modify header information - headers already sent by (output started at C:\xampp\htdocs\evently\core\View\View.php:153) in C:\xampp\htdocs\evently\core\Exception\Handler\ExceptionHandler.php on line 149
[2025-09-18 10:27:46] TypeError: App\controllers\AdminArticleController::manage(): Return value must be of type string, null returned in C:\xampp\htdocs\evently\app\controllers\AdminArticleController.php on line 82
Stack trace:
#0 C:\xampp\htdocs\evently\core\Trees.php(234): App\controllers\AdminArticleController->manage(Object(Trees\Http\Request), Object(Trees\Http\Response))
#1 C:\xampp\htdocs\evently\core\Trees.php(212): Trees\Trees->invokeController('App\\controllers...', 'manage', Array)
#2 C:\xampp\htdocs\evently\core\Trees.php(171): Trees\Trees->executeHandler(Object(Trees\Router\Route))
#3 C:\xampp\htdocs\evently\core\Trees.php(139): Trees\Trees->dispatch()
#4 C:\xampp\htdocs\evently\public\index.php(8): Trees\Trees->run()
#5 {main}

[2025-09-18 10:27:46] ErrorException: Cannot modify header information - headers already sent by (output started at C:\xampp\htdocs\evently\core\View\View.php:153) in C:\xampp\htdocs\evently\core\Exception\Handler\ExceptionHandler.php on line 149
Stack trace:
#0 [internal function]: Trees\Exception\Handler\ExceptionHandler->handleError(2, 'Cannot modify h...', 'C:\\xampp\\htdocs...', 149)
#1 C:\xampp\htdocs\evently\core\Exception\Handler\ExceptionHandler.php(149): header('Content-Type: t...')
#2 C:\xampp\htdocs\evently\core\Exception\Handler\ExceptionHandler.php(97): Trees\Exception\Handler\ExceptionHandler->renderDevelopmentError(Object(TypeError), Array)
#3 C:\xampp\htdocs\evently\core\Trees.php(147): Trees\Exception\Handler\ExceptionHandler->handleHttpException(Object(TypeError), Object(Trees\Http\Request))
#4 C:\xampp\htdocs\evently\core\Trees.php(141): Trees\Trees->handleException(Object(TypeError))
#5 C:\xampp\htdocs\evently\public\index.php(8): Trees\Trees->run()
#6 {main}

[18-Sep-2025 10:27:46 Africa/Lagos] PHP Warning:  Cannot modify header information - headers already sent by (output started at C:\xampp\htdocs\evently\core\View\View.php:153) in C:\xampp\htdocs\evently\core\Exception\Handler\ExceptionHandler.php on line 149
[2025-09-18 10:28:48] TypeError: App\controllers\AdminArticleController::manage(): Return value must be of type string, null returned in C:\xampp\htdocs\evently\app\controllers\AdminArticleController.php on line 82
Stack trace:
#0 C:\xampp\htdocs\evently\core\Trees.php(234): App\controllers\AdminArticleController->manage(Object(Trees\Http\Request), Object(Trees\Http\Response))
#1 C:\xampp\htdocs\evently\core\Trees.php(212): Trees\Trees->invokeController('App\\controllers...', 'manage', Array)
#2 C:\xampp\htdocs\evently\core\Trees.php(171): Trees\Trees->executeHandler(Object(Trees\Router\Route))
#3 C:\xampp\htdocs\evently\core\Trees.php(139): Trees\Trees->dispatch()
#4 C:\xampp\htdocs\evently\public\index.php(8): Trees\Trees->run()
#5 {main}

[2025-09-18 10:28:48] ErrorException: Cannot modify header information - headers already sent by (output started at C:\xampp\htdocs\evently\core\View\View.php:153) in C:\xampp\htdocs\evently\core\Exception\Handler\ExceptionHandler.php on line 149
Stack trace:
#0 [internal function]: Trees\Exception\Handler\ExceptionHandler->handleError(2, 'Cannot modify h...', 'C:\\xampp\\htdocs...', 149)
#1 C:\xampp\htdocs\evently\core\Exception\Handler\ExceptionHandler.php(149): header('Content-Type: t...')
#2 C:\xampp\htdocs\evently\core\Exception\Handler\ExceptionHandler.php(97): Trees\Exception\Handler\ExceptionHandler->renderDevelopmentError(Object(TypeError), Array)
#3 C:\xampp\htdocs\evently\core\Trees.php(147): Trees\Exception\Handler\ExceptionHandler->handleHttpException(Object(TypeError), Object(Trees\Http\Request))
#4 C:\xampp\htdocs\evently\core\Trees.php(141): Trees\Trees->handleException(Object(TypeError))
#5 C:\xampp\htdocs\evently\public\index.php(8): Trees\Trees->run()
#6 {main}

[18-Sep-2025 10:28:48 Africa/Lagos] PHP Warning:  Cannot modify header information - headers already sent by (output started at C:\xampp\htdocs\evently\core\View\View.php:153) in C:\xampp\htdocs\evently\core\Exception\Handler\ExceptionHandler.php on line 149
[2025-09-18 10:29:49] TypeError: App\controllers\AdminArticleController::manage(): Return value must be of type string, null returned in C:\xampp\htdocs\evently\app\controllers\AdminArticleController.php on line 82
Stack trace:
#0 C:\xampp\htdocs\evently\core\Trees.php(234): App\controllers\AdminArticleController->manage(Object(Trees\Http\Request), Object(Trees\Http\Response))
#1 C:\xampp\htdocs\evently\core\Trees.php(212): Trees\Trees->invokeController('App\\controllers...', 'manage', Array)
#2 C:\xampp\htdocs\evently\core\Trees.php(171): Trees\Trees->executeHandler(Object(Trees\Router\Route))
#3 C:\xampp\htdocs\evently\core\Trees.php(139): Trees\Trees->dispatch()
#4 C:\xampp\htdocs\evently\public\index.php(8): Trees\Trees->run()
#5 {main}

[2025-09-18 10:29:49] ErrorException: Cannot modify header information - headers already sent by (output started at C:\xampp\htdocs\evently\core\View\View.php:153) in C:\xampp\htdocs\evently\core\Exception\Handler\ExceptionHandler.php on line 149
Stack trace:
#0 [internal function]: Trees\Exception\Handler\ExceptionHandler->handleError(2, 'Cannot modify h...', 'C:\\xampp\\htdocs...', 149)
#1 C:\xampp\htdocs\evently\core\Exception\Handler\ExceptionHandler.php(149): header('Content-Type: t...')
#2 C:\xampp\htdocs\evently\core\Exception\Handler\ExceptionHandler.php(97): Trees\Exception\Handler\ExceptionHandler->renderDevelopmentError(Object(TypeError), Array)
#3 C:\xampp\htdocs\evently\core\Trees.php(147): Trees\Exception\Handler\ExceptionHandler->handleHttpException(Object(TypeError), Object(Trees\Http\Request))
#4 C:\xampp\htdocs\evently\core\Trees.php(141): Trees\Trees->handleException(Object(TypeError))
#5 C:\xampp\htdocs\evently\public\index.php(8): Trees\Trees->run()
#6 {main}

[18-Sep-2025 10:29:49 Africa/Lagos] PHP Warning:  Cannot modify header information - headers already sent by (output started at C:\xampp\htdocs\evently\core\View\View.php:153) in C:\xampp\htdocs\evently\core\Exception\Handler\ExceptionHandler.php on line 149
[2025-09-18 10:31:25] TypeError: App\controllers\AdminArticleController::manage(): Return value must be of type string, null returned in C:\xampp\htdocs\evently\app\controllers\AdminArticleController.php on line 82
Stack trace:
#0 C:\xampp\htdocs\evently\core\Trees.php(234): App\controllers\AdminArticleController->manage(Object(Trees\Http\Request), Object(Trees\Http\Response))
#1 C:\xampp\htdocs\evently\core\Trees.php(212): Trees\Trees->invokeController('App\\controllers...', 'manage', Array)
#2 C:\xampp\htdocs\evently\core\Trees.php(171): Trees\Trees->executeHandler(Object(Trees\Router\Route))
#3 C:\xampp\htdocs\evently\core\Trees.php(139): Trees\Trees->dispatch()
#4 C:\xampp\htdocs\evently\public\index.php(8): Trees\Trees->run()
#5 {main}

[2025-09-18 10:31:25] ErrorException: Cannot modify header information - headers already sent by (output started at C:\xampp\htdocs\evently\core\View\View.php:153) in C:\xampp\htdocs\evently\core\Exception\Handler\ExceptionHandler.php on line 149
Stack trace:
#0 [internal function]: Trees\Exception\Handler\ExceptionHandler->handleError(2, 'Cannot modify h...', 'C:\\xampp\\htdocs...', 149)
#1 C:\xampp\htdocs\evently\core\Exception\Handler\ExceptionHandler.php(149): header('Content-Type: t...')
#2 C:\xampp\htdocs\evently\core\Exception\Handler\ExceptionHandler.php(97): Trees\Exception\Handler\ExceptionHandler->renderDevelopmentError(Object(TypeError), Array)
#3 C:\xampp\htdocs\evently\core\Trees.php(147): Trees\Exception\Handler\ExceptionHandler->handleHttpException(Object(TypeError), Object(Trees\Http\Request))
#4 C:\xampp\htdocs\evently\core\Trees.php(141): Trees\Trees->handleException(Object(TypeError))
#5 C:\xampp\htdocs\evently\public\index.php(8): Trees\Trees->run()
#6 {main}

[18-Sep-2025 10:31:25 Africa/Lagos] PHP Warning:  Cannot modify header information - headers already sent by (output started at C:\xampp\htdocs\evently\core\View\View.php:153) in C:\xampp\htdocs\evently\core\Exception\Handler\ExceptionHandler.php on line 149
[2025-09-18 10:31:57] TypeError: App\controllers\AdminArticleController::manage(): Return value must be of type string, null returned in C:\xampp\htdocs\evently\app\controllers\AdminArticleController.php on line 82
Stack trace:
#0 C:\xampp\htdocs\evently\core\Trees.php(234): App\controllers\AdminArticleController->manage(Object(Trees\Http\Request), Object(Trees\Http\Response))
#1 C:\xampp\htdocs\evently\core\Trees.php(212): Trees\Trees->invokeController('App\\controllers...', 'manage', Array)
#2 C:\xampp\htdocs\evently\core\Trees.php(171): Trees\Trees->executeHandler(Object(Trees\Router\Route))
#3 C:\xampp\htdocs\evently\core\Trees.php(139): Trees\Trees->dispatch()
#4 C:\xampp\htdocs\evently\public\index.php(8): Trees\Trees->run()
#5 {main}

[2025-09-18 10:31:57] ErrorException: Cannot modify header information - headers already sent by (output started at C:\xampp\htdocs\evently\core\View\View.php:153) in C:\xampp\htdocs\evently\core\Exception\Handler\ExceptionHandler.php on line 149
Stack trace:
#0 [internal function]: Trees\Exception\Handler\ExceptionHandler->handleError(2, 'Cannot modify h...', 'C:\\xampp\\htdocs...', 149)
#1 C:\xampp\htdocs\evently\core\Exception\Handler\ExceptionHandler.php(149): header('Content-Type: t...')
#2 C:\xampp\htdocs\evently\core\Exception\Handler\ExceptionHandler.php(97): Trees\Exception\Handler\ExceptionHandler->renderDevelopmentError(Object(TypeError), Array)
#3 C:\xampp\htdocs\evently\core\Trees.php(147): Trees\Exception\Handler\ExceptionHandler->handleHttpException(Object(TypeError), Object(Trees\Http\Request))
#4 C:\xampp\htdocs\evently\core\Trees.php(141): Trees\Trees->handleException(Object(TypeError))
#5 C:\xampp\htdocs\evently\public\index.php(8): Trees\Trees->run()
#6 {main}

[18-Sep-2025 10:31:57 Africa/Lagos] PHP Warning:  Cannot modify header information - headers already sent by (output started at C:\xampp\htdocs\evently\core\View\View.php:153) in C:\xampp\htdocs\evently\core\Exception\Handler\ExceptionHandler.php on line 149
[2025-09-18 10:32:13] TypeError: App\controllers\AdminArticleController::manage(): Return value must be of type string, null returned in C:\xampp\htdocs\evently\app\controllers\AdminArticleController.php on line 82
Stack trace:
#0 C:\xampp\htdocs\evently\core\Trees.php(234): App\controllers\AdminArticleController->manage(Object(Trees\Http\Request), Object(Trees\Http\Response))
#1 C:\xampp\htdocs\evently\core\Trees.php(212): Trees\Trees->invokeController('App\\controllers...', 'manage', Array)
#2 C:\xampp\htdocs\evently\core\Trees.php(171): Trees\Trees->executeHandler(Object(Trees\Router\Route))
#3 C:\xampp\htdocs\evently\core\Trees.php(139): Trees\Trees->dispatch()
#4 C:\xampp\htdocs\evently\public\index.php(8): Trees\Trees->run()
#5 {main}

[2025-09-18 10:32:13] ErrorException: Cannot modify header information - headers already sent by (output started at C:\xampp\htdocs\evently\core\View\View.php:153) in C:\xampp\htdocs\evently\core\Exception\Handler\ExceptionHandler.php on line 149
Stack trace:
#0 [internal function]: Trees\Exception\Handler\ExceptionHandler->handleError(2, 'Cannot modify h...', 'C:\\xampp\\htdocs...', 149)
#1 C:\xampp\htdocs\evently\core\Exception\Handler\ExceptionHandler.php(149): header('Content-Type: t...')
#2 C:\xampp\htdocs\evently\core\Exception\Handler\ExceptionHandler.php(97): Trees\Exception\Handler\ExceptionHandler->renderDevelopmentError(Object(TypeError), Array)
#3 C:\xampp\htdocs\evently\core\Trees.php(147): Trees\Exception\Handler\ExceptionHandler->handleHttpException(Object(TypeError), Object(Trees\Http\Request))
#4 C:\xampp\htdocs\evently\core\Trees.php(141): Trees\Trees->handleException(Object(TypeError))
#5 C:\xampp\htdocs\evently\public\index.php(8): Trees\Trees->run()
#6 {main}

[18-Sep-2025 10:32:13 Africa/Lagos] PHP Warning:  Cannot modify header information - headers already sent by (output started at C:\xampp\htdocs\evently\core\View\View.php:153) in C:\xampp\htdocs\evently\core\Exception\Handler\ExceptionHandler.php on line 149
[2025-09-18 10:33:14] TypeError: App\controllers\AdminArticleController::manage(): Return value must be of type string, null returned in C:\xampp\htdocs\evently\app\controllers\AdminArticleController.php on line 82
Stack trace:
#0 C:\xampp\htdocs\evently\core\Trees.php(234): App\controllers\AdminArticleController->manage(Object(Trees\Http\Request), Object(Trees\Http\Response))
#1 C:\xampp\htdocs\evently\core\Trees.php(212): Trees\Trees->invokeController('App\\controllers...', 'manage', Array)
#2 C:\xampp\htdocs\evently\core\Trees.php(171): Trees\Trees->executeHandler(Object(Trees\Router\Route))
#3 C:\xampp\htdocs\evently\core\Trees.php(139): Trees\Trees->dispatch()
#4 C:\xampp\htdocs\evently\public\index.php(8): Trees\Trees->run()
#5 {main}

[2025-09-18 10:33:14] ErrorException: Cannot modify header information - headers already sent by (output started at C:\xampp\htdocs\evently\core\View\View.php:153) in C:\xampp\htdocs\evently\core\Exception\Handler\ExceptionHandler.php on line 149
Stack trace:
#0 [internal function]: Trees\Exception\Handler\ExceptionHandler->handleError(2, 'Cannot modify h...', 'C:\\xampp\\htdocs...', 149)
#1 C:\xampp\htdocs\evently\core\Exception\Handler\ExceptionHandler.php(149): header('Content-Type: t...')
#2 C:\xampp\htdocs\evently\core\Exception\Handler\ExceptionHandler.php(97): Trees\Exception\Handler\ExceptionHandler->renderDevelopmentError(Object(TypeError), Array)
#3 C:\xampp\htdocs\evently\core\Trees.php(147): Trees\Exception\Handler\ExceptionHandler->handleHttpException(Object(TypeError), Object(Trees\Http\Request))
#4 C:\xampp\htdocs\evently\core\Trees.php(141): Trees\Trees->handleException(Object(TypeError))
#5 C:\xampp\htdocs\evently\public\index.php(8): Trees\Trees->run()
#6 {main}

[18-Sep-2025 10:33:14 Africa/Lagos] PHP Warning:  Cannot modify header information - headers already sent by (output started at C:\xampp\htdocs\evently\core\View\View.php:153) in C:\xampp\htdocs\evently\core\Exception\Handler\ExceptionHandler.php on line 149
[2025-09-18 10:33:57] TypeError: App\controllers\AdminArticleController::manage(): Return value must be of type string, null returned in C:\xampp\htdocs\evently\app\controllers\AdminArticleController.php on line 82
Stack trace:
#0 C:\xampp\htdocs\evently\core\Trees.php(234): App\controllers\AdminArticleController->manage(Object(Trees\Http\Request), Object(Trees\Http\Response))
#1 C:\xampp\htdocs\evently\core\Trees.php(212): Trees\Trees->invokeController('App\\controllers...', 'manage', Array)
#2 C:\xampp\htdocs\evently\core\Trees.php(171): Trees\Trees->executeHandler(Object(Trees\Router\Route))
#3 C:\xampp\htdocs\evently\core\Trees.php(139): Trees\Trees->dispatch()
#4 C:\xampp\htdocs\evently\public\index.php(8): Trees\Trees->run()
#5 {main}

[2025-09-18 10:33:57] ErrorException: Cannot modify header information - headers already sent by (output started at C:\xampp\htdocs\evently\core\View\View.php:153) in C:\xampp\htdocs\evently\core\Exception\Handler\ExceptionHandler.php on line 149
Stack trace:
#0 [internal function]: Trees\Exception\Handler\ExceptionHandler->handleError(2, 'Cannot modify h...', 'C:\\xampp\\htdocs...', 149)
#1 C:\xampp\htdocs\evently\core\Exception\Handler\ExceptionHandler.php(149): header('Content-Type: t...')
#2 C:\xampp\htdocs\evently\core\Exception\Handler\ExceptionHandler.php(97): Trees\Exception\Handler\ExceptionHandler->renderDevelopmentError(Object(TypeError), Array)
#3 C:\xampp\htdocs\evently\core\Trees.php(147): Trees\Exception\Handler\ExceptionHandler->handleHttpException(Object(TypeError), Object(Trees\Http\Request))
#4 C:\xampp\htdocs\evently\core\Trees.php(141): Trees\Trees->handleException(Object(TypeError))
#5 C:\xampp\htdocs\evently\public\index.php(8): Trees\Trees->run()
#6 {main}

[18-Sep-2025 10:33:57 Africa/Lagos] PHP Warning:  Cannot modify header information - headers already sent by (output started at C:\xampp\htdocs\evently\core\View\View.php:153) in C:\xampp\htdocs\evently\core\Exception\Handler\ExceptionHandler.php on line 149
[2025-09-18 10:34:41] TypeError: App\controllers\AdminArticleController::manage(): Return value must be of type string, null returned in C:\xampp\htdocs\evently\app\controllers\AdminArticleController.php on line 82
Stack trace:
#0 C:\xampp\htdocs\evently\core\Trees.php(234): App\controllers\AdminArticleController->manage(Object(Trees\Http\Request), Object(Trees\Http\Response))
#1 C:\xampp\htdocs\evently\core\Trees.php(212): Trees\Trees->invokeController('App\\controllers...', 'manage', Array)
#2 C:\xampp\htdocs\evently\core\Trees.php(171): Trees\Trees->executeHandler(Object(Trees\Router\Route))
#3 C:\xampp\htdocs\evently\core\Trees.php(139): Trees\Trees->dispatch()
#4 C:\xampp\htdocs\evently\public\index.php(8): Trees\Trees->run()
#5 {main}

[2025-09-18 10:34:41] ErrorException: Cannot modify header information - headers already sent by (output started at C:\xampp\htdocs\evently\core\View\View.php:153) in C:\xampp\htdocs\evently\core\Exception\Handler\ExceptionHandler.php on line 149
Stack trace:
#0 [internal function]: Trees\Exception\Handler\ExceptionHandler->handleError(2, 'Cannot modify h...', 'C:\\xampp\\htdocs...', 149)
#1 C:\xampp\htdocs\evently\core\Exception\Handler\ExceptionHandler.php(149): header('Content-Type: t...')
#2 C:\xampp\htdocs\evently\core\Exception\Handler\ExceptionHandler.php(97): Trees\Exception\Handler\ExceptionHandler->renderDevelopmentError(Object(TypeError), Array)
#3 C:\xampp\htdocs\evently\core\Trees.php(147): Trees\Exception\Handler\ExceptionHandler->handleHttpException(Object(TypeError), Object(Trees\Http\Request))
#4 C:\xampp\htdocs\evently\core\Trees.php(141): Trees\Trees->handleException(Object(TypeError))
#5 C:\xampp\htdocs\evently\public\index.php(8): Trees\Trees->run()
#6 {main}

[18-Sep-2025 10:34:41 Africa/Lagos] PHP Warning:  Cannot modify header information - headers already sent by (output started at C:\xampp\htdocs\evently\core\View\View.php:153) in C:\xampp\htdocs\evently\core\Exception\Handler\ExceptionHandler.php on line 149
[2025-09-18 10:35:00] TypeError: App\controllers\AdminArticleController::manage(): Return value must be of type string, null returned in C:\xampp\htdocs\evently\app\controllers\AdminArticleController.php on line 82
Stack trace:
#0 C:\xampp\htdocs\evently\core\Trees.php(234): App\controllers\AdminArticleController->manage(Object(Trees\Http\Request), Object(Trees\Http\Response))
#1 C:\xampp\htdocs\evently\core\Trees.php(212): Trees\Trees->invokeController('App\\controllers...', 'manage', Array)
#2 C:\xampp\htdocs\evently\core\Trees.php(171): Trees\Trees->executeHandler(Object(Trees\Router\Route))
#3 C:\xampp\htdocs\evently\core\Trees.php(139): Trees\Trees->dispatch()
#4 C:\xampp\htdocs\evently\public\index.php(8): Trees\Trees->run()
#5 {main}

[2025-09-18 10:35:00] ErrorException: Cannot modify header information - headers already sent by (output started at C:\xampp\htdocs\evently\core\View\View.php:153) in C:\xampp\htdocs\evently\core\Exception\Handler\ExceptionHandler.php on line 149
Stack trace:
#0 [internal function]: Trees\Exception\Handler\ExceptionHandler->handleError(2, 'Cannot modify h...', 'C:\\xampp\\htdocs...', 149)
#1 C:\xampp\htdocs\evently\core\Exception\Handler\ExceptionHandler.php(149): header('Content-Type: t...')
#2 C:\xampp\htdocs\evently\core\Exception\Handler\ExceptionHandler.php(97): Trees\Exception\Handler\ExceptionHandler->renderDevelopmentError(Object(TypeError), Array)
#3 C:\xampp\htdocs\evently\core\Trees.php(147): Trees\Exception\Handler\ExceptionHandler->handleHttpException(Object(TypeError), Object(Trees\Http\Request))
#4 C:\xampp\htdocs\evently\core\Trees.php(141): Trees\Trees->handleException(Object(TypeError))
#5 C:\xampp\htdocs\evently\public\index.php(8): Trees\Trees->run()
#6 {main}

[18-Sep-2025 10:35:00 Africa/Lagos] PHP Warning:  Cannot modify header information - headers already sent by (output started at C:\xampp\htdocs\evently\core\View\View.php:153) in C:\xampp\htdocs\evently\core\Exception\Handler\ExceptionHandler.php on line 149
[2025-09-18 10:35:24] TypeError: App\controllers\AdminArticleController::manage(): Return value must be of type string, null returned in C:\xampp\htdocs\evently\app\controllers\AdminArticleController.php on line 82
Stack trace:
#0 C:\xampp\htdocs\evently\core\Trees.php(234): App\controllers\AdminArticleController->manage(Object(Trees\Http\Request), Object(Trees\Http\Response))
#1 C:\xampp\htdocs\evently\core\Trees.php(212): Trees\Trees->invokeController('App\\controllers...', 'manage', Array)
#2 C:\xampp\htdocs\evently\core\Trees.php(171): Trees\Trees->executeHandler(Object(Trees\Router\Route))
#3 C:\xampp\htdocs\evently\core\Trees.php(139): Trees\Trees->dispatch()
#4 C:\xampp\htdocs\evently\public\index.php(8): Trees\Trees->run()
#5 {main}

[2025-09-18 10:35:24] ErrorException: Cannot modify header information - headers already sent by (output started at C:\xampp\htdocs\evently\core\View\View.php:153) in C:\xampp\htdocs\evently\core\Exception\Handler\ExceptionHandler.php on line 149
Stack trace:
#0 [internal function]: Trees\Exception\Handler\ExceptionHandler->handleError(2, 'Cannot modify h...', 'C:\\xampp\\htdocs...', 149)
#1 C:\xampp\htdocs\evently\core\Exception\Handler\ExceptionHandler.php(149): header('Content-Type: t...')
#2 C:\xampp\htdocs\evently\core\Exception\Handler\ExceptionHandler.php(97): Trees\Exception\Handler\ExceptionHandler->renderDevelopmentError(Object(TypeError), Array)
#3 C:\xampp\htdocs\evently\core\Trees.php(147): Trees\Exception\Handler\ExceptionHandler->handleHttpException(Object(TypeError), Object(Trees\Http\Request))
#4 C:\xampp\htdocs\evently\core\Trees.php(141): Trees\Trees->handleException(Object(TypeError))
#5 C:\xampp\htdocs\evently\public\index.php(8): Trees\Trees->run()
#6 {main}

[18-Sep-2025 10:35:24 Africa/Lagos] PHP Warning:  Cannot modify header information - headers already sent by (output started at C:\xampp\htdocs\evently\core\View\View.php:153) in C:\xampp\htdocs\evently\core\Exception\Handler\ExceptionHandler.php on line 149
[2025-09-18 10:35:43] TypeError: App\controllers\AdminArticleController::manage(): Return value must be of type string, null returned in C:\xampp\htdocs\evently\app\controllers\AdminArticleController.php on line 82
Stack trace:
#0 C:\xampp\htdocs\evently\core\Trees.php(234): App\controllers\AdminArticleController->manage(Object(Trees\Http\Request), Object(Trees\Http\Response))
#1 C:\xampp\htdocs\evently\core\Trees.php(212): Trees\Trees->invokeController('App\\controllers...', 'manage', Array)
#2 C:\xampp\htdocs\evently\core\Trees.php(171): Trees\Trees->executeHandler(Object(Trees\Router\Route))
#3 C:\xampp\htdocs\evently\core\Trees.php(139): Trees\Trees->dispatch()
#4 C:\xampp\htdocs\evently\public\index.php(8): Trees\Trees->run()
#5 {main}

[2025-09-18 10:35:43] ErrorException: Cannot modify header information - headers already sent by (output started at C:\xampp\htdocs\evently\core\View\View.php:153) in C:\xampp\htdocs\evently\core\Exception\Handler\ExceptionHandler.php on line 149
Stack trace:
#0 [internal function]: Trees\Exception\Handler\ExceptionHandler->handleError(2, 'Cannot modify h...', 'C:\\xampp\\htdocs...', 149)
#1 C:\xampp\htdocs\evently\core\Exception\Handler\ExceptionHandler.php(149): header('Content-Type: t...')
#2 C:\xampp\htdocs\evently\core\Exception\Handler\ExceptionHandler.php(97): Trees\Exception\Handler\ExceptionHandler->renderDevelopmentError(Object(TypeError), Array)
#3 C:\xampp\htdocs\evently\core\Trees.php(147): Trees\Exception\Handler\ExceptionHandler->handleHttpException(Object(TypeError), Object(Trees\Http\Request))
#4 C:\xampp\htdocs\evently\core\Trees.php(141): Trees\Trees->handleException(Object(TypeError))
#5 C:\xampp\htdocs\evently\public\index.php(8): Trees\Trees->run()
#6 {main}

[18-Sep-2025 10:35:43 Africa/Lagos] PHP Warning:  Cannot modify header information - headers already sent by (output started at C:\xampp\htdocs\evently\core\View\View.php:153) in C:\xampp\htdocs\evently\core\Exception\Handler\ExceptionHandler.php on line 149
[2025-09-18 10:36:01] TypeError: App\controllers\AdminArticleController::manage(): Return value must be of type string, null returned in C:\xampp\htdocs\evently\app\controllers\AdminArticleController.php on line 82
Stack trace:
#0 C:\xampp\htdocs\evently\core\Trees.php(234): App\controllers\AdminArticleController->manage(Object(Trees\Http\Request), Object(Trees\Http\Response))
#1 C:\xampp\htdocs\evently\core\Trees.php(212): Trees\Trees->invokeController('App\\controllers...', 'manage', Array)
#2 C:\xampp\htdocs\evently\core\Trees.php(171): Trees\Trees->executeHandler(Object(Trees\Router\Route))
#3 C:\xampp\htdocs\evently\core\Trees.php(139): Trees\Trees->dispatch()
#4 C:\xampp\htdocs\evently\public\index.php(8): Trees\Trees->run()
#5 {main}

[2025-09-18 10:36:01] ErrorException: Cannot modify header information - headers already sent by (output started at C:\xampp\htdocs\evently\core\View\View.php:153) in C:\xampp\htdocs\evently\core\Exception\Handler\ExceptionHandler.php on line 149
Stack trace:
#0 [internal function]: Trees\Exception\Handler\ExceptionHandler->handleError(2, 'Cannot modify h...', 'C:\\xampp\\htdocs...', 149)
#1 C:\xampp\htdocs\evently\core\Exception\Handler\ExceptionHandler.php(149): header('Content-Type: t...')
#2 C:\xampp\htdocs\evently\core\Exception\Handler\ExceptionHandler.php(97): Trees\Exception\Handler\ExceptionHandler->renderDevelopmentError(Object(TypeError), Array)
#3 C:\xampp\htdocs\evently\core\Trees.php(147): Trees\Exception\Handler\ExceptionHandler->handleHttpException(Object(TypeError), Object(Trees\Http\Request))
#4 C:\xampp\htdocs\evently\core\Trees.php(141): Trees\Trees->handleException(Object(TypeError))
#5 C:\xampp\htdocs\evently\public\index.php(8): Trees\Trees->run()
#6 {main}

[18-Sep-2025 10:36:01 Africa/Lagos] PHP Warning:  Cannot modify header information - headers already sent by (output started at C:\xampp\htdocs\evently\core\View\View.php:153) in C:\xampp\htdocs\evently\core\Exception\Handler\ExceptionHandler.php on line 149
[2025-09-18 10:36:24] TypeError: App\controllers\AdminArticleController::manage(): Return value must be of type string, null returned in C:\xampp\htdocs\evently\app\controllers\AdminArticleController.php on line 80
Stack trace:
#0 C:\xampp\htdocs\evently\core\Trees.php(234): App\controllers\AdminArticleController->manage(Object(Trees\Http\Request), Object(Trees\Http\Response))
#1 C:\xampp\htdocs\evently\core\Trees.php(212): Trees\Trees->invokeController('App\\controllers...', 'manage', Array)
#2 C:\xampp\htdocs\evently\core\Trees.php(171): Trees\Trees->executeHandler(Object(Trees\Router\Route))
#3 C:\xampp\htdocs\evently\core\Trees.php(139): Trees\Trees->dispatch()
#4 C:\xampp\htdocs\evently\public\index.php(8): Trees\Trees->run()
#5 {main}

[2025-09-18 10:36:24] ErrorException: Cannot modify header information - headers already sent by (output started at C:\xampp\htdocs\evently\core\View\View.php:153) in C:\xampp\htdocs\evently\core\Exception\Handler\ExceptionHandler.php on line 149
Stack trace:
#0 [internal function]: Trees\Exception\Handler\ExceptionHandler->handleError(2, 'Cannot modify h...', 'C:\\xampp\\htdocs...', 149)
#1 C:\xampp\htdocs\evently\core\Exception\Handler\ExceptionHandler.php(149): header('Content-Type: t...')
#2 C:\xampp\htdocs\evently\core\Exception\Handler\ExceptionHandler.php(97): Trees\Exception\Handler\ExceptionHandler->renderDevelopmentError(Object(TypeError), Array)
#3 C:\xampp\htdocs\evently\core\Trees.php(147): Trees\Exception\Handler\ExceptionHandler->handleHttpException(Object(TypeError), Object(Trees\Http\Request))
#4 C:\xampp\htdocs\evently\core\Trees.php(141): Trees\Trees->handleException(Object(TypeError))
#5 C:\xampp\htdocs\evently\public\index.php(8): Trees\Trees->run()
#6 {main}

[18-Sep-2025 10:36:24 Africa/Lagos] PHP Warning:  Cannot modify header information - headers already sent by (output started at C:\xampp\htdocs\evently\core\View\View.php:153) in C:\xampp\htdocs\evently\core\Exception\Handler\ExceptionHandler.php on line 149
[2025-09-18 10:36:59] TypeError: App\controllers\AdminArticleController::manage(): Return value must be of type string, null returned in C:\xampp\htdocs\evently\app\controllers\AdminArticleController.php on line 80
Stack trace:
#0 C:\xampp\htdocs\evently\core\Trees.php(234): App\controllers\AdminArticleController->manage(Object(Trees\Http\Request), Object(Trees\Http\Response))
#1 C:\xampp\htdocs\evently\core\Trees.php(212): Trees\Trees->invokeController('App\\controllers...', 'manage', Array)
#2 C:\xampp\htdocs\evently\core\Trees.php(171): Trees\Trees->executeHandler(Object(Trees\Router\Route))
#3 C:\xampp\htdocs\evently\core\Trees.php(139): Trees\Trees->dispatch()
#4 C:\xampp\htdocs\evently\public\index.php(8): Trees\Trees->run()
#5 {main}

[2025-09-18 10:36:59] ErrorException: Cannot modify header information - headers already sent by (output started at C:\xampp\htdocs\evently\core\View\View.php:153) in C:\xampp\htdocs\evently\core\Exception\Handler\ExceptionHandler.php on line 149
Stack trace:
#0 [internal function]: Trees\Exception\Handler\ExceptionHandler->handleError(2, 'Cannot modify h...', 'C:\\xampp\\htdocs...', 149)
#1 C:\xampp\htdocs\evently\core\Exception\Handler\ExceptionHandler.php(149): header('Content-Type: t...')
#2 C:\xampp\htdocs\evently\core\Exception\Handler\ExceptionHandler.php(97): Trees\Exception\Handler\ExceptionHandler->renderDevelopmentError(Object(TypeError), Array)
#3 C:\xampp\htdocs\evently\core\Trees.php(147): Trees\Exception\Handler\ExceptionHandler->handleHttpException(Object(TypeError), Object(Trees\Http\Request))
#4 C:\xampp\htdocs\evently\core\Trees.php(141): Trees\Trees->handleException(Object(TypeError))
#5 C:\xampp\htdocs\evently\public\index.php(8): Trees\Trees->run()
#6 {main}

[18-Sep-2025 10:36:59 Africa/Lagos] PHP Warning:  Cannot modify header information - headers already sent by (output started at C:\xampp\htdocs\evently\core\View\View.php:153) in C:\xampp\htdocs\evently\core\Exception\Handler\ExceptionHandler.php on line 149
[2025-09-18 10:37:12] TypeError: App\controllers\AdminArticleController::manage(): Return value must be of type string, null returned in C:\xampp\htdocs\evently\app\controllers\AdminArticleController.php on line 80
Stack trace:
#0 C:\xampp\htdocs\evently\core\Trees.php(234): App\controllers\AdminArticleController->manage(Object(Trees\Http\Request), Object(Trees\Http\Response))
#1 C:\xampp\htdocs\evently\core\Trees.php(212): Trees\Trees->invokeController('App\\controllers...', 'manage', Array)
#2 C:\xampp\htdocs\evently\core\Trees.php(171): Trees\Trees->executeHandler(Object(Trees\Router\Route))
#3 C:\xampp\htdocs\evently\core\Trees.php(139): Trees\Trees->dispatch()
#4 C:\xampp\htdocs\evently\public\index.php(8): Trees\Trees->run()
#5 {main}

[2025-09-18 10:37:12] ErrorException: Cannot modify header information - headers already sent by (output started at C:\xampp\htdocs\evently\core\View\View.php:153) in C:\xampp\htdocs\evently\core\Exception\Handler\ExceptionHandler.php on line 149
Stack trace:
#0 [internal function]: Trees\Exception\Handler\ExceptionHandler->handleError(2, 'Cannot modify h...', 'C:\\xampp\\htdocs...', 149)
#1 C:\xampp\htdocs\evently\core\Exception\Handler\ExceptionHandler.php(149): header('Content-Type: t...')
#2 C:\xampp\htdocs\evently\core\Exception\Handler\ExceptionHandler.php(97): Trees\Exception\Handler\ExceptionHandler->renderDevelopmentError(Object(TypeError), Array)
#3 C:\xampp\htdocs\evently\core\Trees.php(147): Trees\Exception\Handler\ExceptionHandler->handleHttpException(Object(TypeError), Object(Trees\Http\Request))
#4 C:\xampp\htdocs\evently\core\Trees.php(141): Trees\Trees->handleException(Object(TypeError))
#5 C:\xampp\htdocs\evently\public\index.php(8): Trees\Trees->run()
#6 {main}

[18-Sep-2025 10:37:12 Africa/Lagos] PHP Warning:  Cannot modify header information - headers already sent by (output started at C:\xampp\htdocs\evently\core\View\View.php:153) in C:\xampp\htdocs\evently\core\Exception\Handler\ExceptionHandler.php on line 149
[2025-09-18 10:38:27] TypeError: App\controllers\AdminArticleController::manage(): Return value must be of type string, null returned in C:\xampp\htdocs\evently\app\controllers\AdminArticleController.php on line 80
Stack trace:
#0 C:\xampp\htdocs\evently\core\Trees.php(234): App\controllers\AdminArticleController->manage(Object(Trees\Http\Request), Object(Trees\Http\Response))
#1 C:\xampp\htdocs\evently\core\Trees.php(212): Trees\Trees->invokeController('App\\controllers...', 'manage', Array)
#2 C:\xampp\htdocs\evently\core\Trees.php(171): Trees\Trees->executeHandler(Object(Trees\Router\Route))
#3 C:\xampp\htdocs\evently\core\Trees.php(139): Trees\Trees->dispatch()
#4 C:\xampp\htdocs\evently\public\index.php(8): Trees\Trees->run()
#5 {main}

[2025-09-18 10:38:27] ErrorException: Cannot modify header information - headers already sent by (output started at C:\xampp\htdocs\evently\core\View\View.php:153) in C:\xampp\htdocs\evently\core\Exception\Handler\ExceptionHandler.php on line 149
Stack trace:
#0 [internal function]: Trees\Exception\Handler\ExceptionHandler->handleError(2, 'Cannot modify h...', 'C:\\xampp\\htdocs...', 149)
#1 C:\xampp\htdocs\evently\core\Exception\Handler\ExceptionHandler.php(149): header('Content-Type: t...')
#2 C:\xampp\htdocs\evently\core\Exception\Handler\ExceptionHandler.php(97): Trees\Exception\Handler\ExceptionHandler->renderDevelopmentError(Object(TypeError), Array)
#3 C:\xampp\htdocs\evently\core\Trees.php(147): Trees\Exception\Handler\ExceptionHandler->handleHttpException(Object(TypeError), Object(Trees\Http\Request))
#4 C:\xampp\htdocs\evently\core\Trees.php(141): Trees\Trees->handleException(Object(TypeError))
#5 C:\xampp\htdocs\evently\public\index.php(8): Trees\Trees->run()
#6 {main}

[18-Sep-2025 10:38:27 Africa/Lagos] PHP Warning:  Cannot modify header information - headers already sent by (output started at C:\xampp\htdocs\evently\core\View\View.php:153) in C:\xampp\htdocs\evently\core\Exception\Handler\ExceptionHandler.php on line 149
[2025-09-18 16:12:43] Trees\Exception\TreesException: Route not found for path: /dist/css/bootstrap.min.css.map in C:\xampp\htdocs\evently\core\Router\Router.php on line 53
Stack trace:
#0 C:\xampp\htdocs\evently\core\Trees.php(169): Trees\Router\Router->resolve(Object(Trees\Http\Request))
#1 C:\xampp\htdocs\evently\core\Trees.php(139): Trees\Trees->dispatch()
#2 C:\xampp\htdocs\evently\public\index.php(8): Trees\Trees->run()
#3 {main}

