[2025-09-07 11:55:34] Trees\Exception\TreesException: Route not found for path: /checkout/process-payment in C:\xampp\htdocs\evently\core\Router\Router.php on line 53
Stack trace:
#0 C:\xampp\htdocs\evently\core\Trees.php(169): Trees\Router\Router->resolve(Object(Trees\Http\Request))
#1 C:\xampp\htdocs\evently\core\Trees.php(139): Trees\Trees->dispatch()
#2 C:\xampp\htdocs\evently\public\index.php(8): Trees\Trees->run()
#3 {main}

[07-Sep-2025 16:35:30 Africa/Lagos] Updating ticket 11 with quantity: 1
[07-Sep-2025 16:35:30 Africa/Lagos] Failed to update sold count for ticket: 11
[07-Sep-2025 22:02:32 Africa/Lagos] Failed to update sold counts for transaction: 13
[2025-09-07 22:54:57] Error: Class "App\models\Attendees" not found in C:\xampp\htdocs\evently\app\controllers\AdminEventController.php on line 42
Stack trace:
#0 C:\xampp\htdocs\evently\core\Controller\Controller.php(26): App\controllers\AdminEventController->onConstruct()
#1 C:\xampp\htdocs\evently\core\Trees.php(228): Trees\Controller\Controller->__construct()
#2 C:\xampp\htdocs\evently\core\Trees.php(212): Trees\Trees->invokeController('App\\controllers...', 'manage', Array)
#3 C:\xampp\htdocs\evently\core\Trees.php(171): Trees\Trees->executeHandler(Object(Trees\Router\Route))
#4 C:\xampp\htdocs\evently\core\Trees.php(139): Trees\Trees->dispatch()
#5 C:\xampp\htdocs\evently\public\index.php(8): Trees\Trees->run()
#6 {main}

[2025-09-07 22:56:05] RuntimeException: Update operation failed in C:\xampp\htdocs\evently\app\controllers\AdminCategoryController.php on line 138
Stack trace:
#0 C:\xampp\htdocs\evently\core\Trees.php(234): App\controllers\AdminCategoryController->update(Object(Trees\Http\Request), Object(Trees\Http\Response), 'outdoor_party')
#1 C:\xampp\htdocs\evently\core\Trees.php(212): Trees\Trees->invokeController('App\\controllers...', 'update', Array)
#2 C:\xampp\htdocs\evently\core\Trees.php(171): Trees\Trees->executeHandler(Object(Trees\Router\Route))
#3 C:\xampp\htdocs\evently\core\Trees.php(139): Trees\Trees->dispatch()
#4 C:\xampp\htdocs\evently\public\index.php(8): Trees\Trees->run()
#5 {main}

[2025-09-07 23:04:55] RuntimeException: Update operation failed in C:\xampp\htdocs\evently\app\controllers\AdminCategoryController.php on line 138
Stack trace:
#0 C:\xampp\htdocs\evently\core\Trees.php(234): App\controllers\AdminCategoryController->update(Object(Trees\Http\Request), Object(Trees\Http\Response), 'outdoor_party')
#1 C:\xampp\htdocs\evently\core\Trees.php(212): Trees\Trees->invokeController('App\\controllers...', 'update', Array)
#2 C:\xampp\htdocs\evently\core\Trees.php(171): Trees\Trees->executeHandler(Object(Trees\Router\Route))
#3 C:\xampp\htdocs\evently\core\Trees.php(139): Trees\Trees->dispatch()
#4 C:\xampp\htdocs\evently\public\index.php(8): Trees\Trees->run()
#5 {main}

