[2025-08-31 12:41:44] Trees\Exception\TreesException: Route not found for path: /admin/events/black_out_party/export-attendees in C:\xampp\htdocs\evently\core\Router\Router.php on line 53
Stack trace:
#0 C:\xampp\htdocs\evently\core\Trees.php(169): Trees\Router\Router->resolve(Object(Trees\Http\Request))
#1 C:\xampp\htdocs\evently\core\Trees.php(139): Trees\Trees->dispatch()
#2 C:\xampp\htdocs\evently\public\index.php(8): Trees\Trees->run()
#3 {main}

[2025-08-31 12:41:53] Trees\Exception\TreesException: Route not found for path: /admin/events/black_out_party/export-attendees in C:\xampp\htdocs\evently\core\Router\Router.php on line 53
Stack trace:
#0 C:\xampp\htdocs\evently\core\Trees.php(169): Trees\Router\Router->resolve(Object(Trees\Http\Request))
#1 C:\xampp\htdocs\evently\core\Trees.php(139): Trees\Trees->dispatch()
#2 C:\xampp\htdocs\evently\public\index.php(8): Trees\Trees->run()
#3 {main}

[2025-08-31 13:14:39] Trees\Exception\TreesException: Route not found for path: /admin/events in C:\xampp\htdocs\evently\core\Router\Router.php on line 53
Stack trace:
#0 C:\xampp\htdocs\evently\core\Trees.php(169): Trees\Router\Router->resolve(Object(Trees\Http\Request))
#1 C:\xampp\htdocs\evently\core\Trees.php(139): Trees\Trees->dispatch()
#2 C:\xampp\htdocs\evently\public\index.php(8): Trees\Trees->run()
#3 {main}

[2025-08-31 13:19:59] Trees\Exception\TreesException: Route not found for path: /admin/events/toggle-sales/black_out_party in C:\xampp\htdocs\evently\core\Router\Router.php on line 53
Stack trace:
#0 C:\xampp\htdocs\evently\core\Trees.php(169): Trees\Router\Router->resolve(Object(Trees\Http\Request))
#1 C:\xampp\htdocs\evently\core\Trees.php(139): Trees\Trees->dispatch()
#2 C:\xampp\htdocs\evently\public\index.php(8): Trees\Trees->run()
#3 {main}

[2025-08-31 15:12:00] Error: Typed property App\controllers\AdminEventController::$attendeesModel must not be accessed before initialization in C:\xampp\htdocs\evently\app\controllers\AdminEventController.php on line 95
Stack trace:
#0 C:\xampp\htdocs\evently\core\Trees.php(234): App\controllers\AdminEventController->view(Object(Trees\Http\Request), Object(Trees\Http\Response), 'black_out_party')
#1 C:\xampp\htdocs\evently\core\Trees.php(212): Trees\Trees->invokeController('App\\controllers...', 'view', Array)
#2 C:\xampp\htdocs\evently\core\Trees.php(171): Trees\Trees->executeHandler(Object(Trees\Router\Route))
#3 C:\xampp\htdocs\evently\core\Trees.php(139): Trees\Trees->dispatch()
#4 C:\xampp\htdocs\evently\public\index.php(8): Trees\Trees->run()
#5 {main}

[2025-08-31 18:42:43] Trees\Exception\TreesException: Route not found for path: /dist/css/bootstrap.min.css.map in C:\xampp\htdocs\evently\core\Router\Router.php on line 53
Stack trace:
#0 C:\xampp\htdocs\evently\core\Trees.php(169): Trees\Router\Router->resolve(Object(Trees\Http\Request))
#1 C:\xampp\htdocs\evently\core\Trees.php(139): Trees\Trees->dispatch()
#2 C:\xampp\htdocs\evently\public\index.php(8): Trees\Trees->run()
#3 {main}

[2025-08-31 18:44:25] Trees\Exception\TreesException: Route not found for path: /dist/css/bootstrap.min.css.map in C:\xampp\htdocs\evently\core\Router\Router.php on line 53
Stack trace:
#0 C:\xampp\htdocs\evently\core\Trees.php(169): Trees\Router\Router->resolve(Object(Trees\Http\Request))
#1 C:\xampp\htdocs\evently\core\Trees.php(139): Trees\Trees->dispatch()
#2 C:\xampp\htdocs\evently\public\index.php(8): Trees\Trees->run()
#3 {main}

[2025-08-31 19:49:35] Trees\Exception\TreesException: Validation rule 'password.secure' does not exist. in C:\xampp\htdocs\evently\core\Validation\Validator.php on line 185
Stack trace:
#0 C:\xampp\htdocs\evently\core\Validation\Validator.php(115): Trees\Validation\Validator->applyRule('password', 'password.secure')
#1 C:\xampp\htdocs\evently\core\Validation\Validator.php(191): Trees\Validation\Validator->passes()
#2 C:\xampp\htdocs\evently\core\Http\Request.php(85): Trees\Validation\Validator->fails()
#3 C:\xampp\htdocs\evently\app\controllers\AuthController.php(53): Trees\Http\Request->validate(Array, false)
#4 C:\xampp\htdocs\evently\core\Trees.php(234): App\controllers\AuthController->create_user(Object(Trees\Http\Request), Object(Trees\Http\Response))
#5 C:\xampp\htdocs\evently\core\Trees.php(212): Trees\Trees->invokeController('App\\controllers...', 'create_user', Array)
#6 C:\xampp\htdocs\evently\core\Trees.php(171): Trees\Trees->executeHandler(Object(Trees\Router\Route))
#7 C:\xampp\htdocs\evently\core\Trees.php(139): Trees\Trees->dispatch()
#8 C:\xampp\htdocs\evently\public\index.php(8): Trees\Trees->run()
#9 {main}

[2025-08-31 19:50:36] Trees\Exception\TreesException: Validation rule 'password.secure' does not exist. in C:\xampp\htdocs\evently\core\Validation\Validator.php on line 185
Stack trace:
#0 C:\xampp\htdocs\evently\core\Validation\Validator.php(115): Trees\Validation\Validator->applyRule('password', 'password.secure')
#1 C:\xampp\htdocs\evently\core\Validation\Validator.php(191): Trees\Validation\Validator->passes()
#2 C:\xampp\htdocs\evently\core\Http\Request.php(85): Trees\Validation\Validator->fails()
#3 C:\xampp\htdocs\evently\app\controllers\AuthController.php(53): Trees\Http\Request->validate(Array, false)
#4 C:\xampp\htdocs\evently\core\Trees.php(234): App\controllers\AuthController->create_user(Object(Trees\Http\Request), Object(Trees\Http\Response))
#5 C:\xampp\htdocs\evently\core\Trees.php(212): Trees\Trees->invokeController('App\\controllers...', 'create_user', Array)
#6 C:\xampp\htdocs\evently\core\Trees.php(171): Trees\Trees->executeHandler(Object(Trees\Router\Route))
#7 C:\xampp\htdocs\evently\core\Trees.php(139): Trees\Trees->dispatch()
#8 C:\xampp\htdocs\evently\public\index.php(8): Trees\Trees->run()
#9 {main}

[2025-08-31 20:00:50] Trees\Exception\TreesException: Validation rule 'password_secure' does not exist. in C:\xampp\htdocs\evently\core\Validation\Validator.php on line 187
Stack trace:
#0 C:\xampp\htdocs\evently\core\Validation\Validator.php(115): Trees\Validation\Validator->applyRule('password', 'password_secure')
#1 C:\xampp\htdocs\evently\core\Validation\Validator.php(193): Trees\Validation\Validator->passes()
#2 C:\xampp\htdocs\evently\core\Http\Request.php(85): Trees\Validation\Validator->fails()
#3 C:\xampp\htdocs\evently\app\controllers\AuthController.php(53): Trees\Http\Request->validate(Array, false)
#4 C:\xampp\htdocs\evently\core\Trees.php(234): App\controllers\AuthController->create_user(Object(Trees\Http\Request), Object(Trees\Http\Response))
#5 C:\xampp\htdocs\evently\core\Trees.php(212): Trees\Trees->invokeController('App\\controllers...', 'create_user', Array)
#6 C:\xampp\htdocs\evently\core\Trees.php(171): Trees\Trees->executeHandler(Object(Trees\Router\Route))
#7 C:\xampp\htdocs\evently\core\Trees.php(139): Trees\Trees->dispatch()
#8 C:\xampp\htdocs\evently\public\index.php(8): Trees\Trees->run()
#9 {main}

[2025-08-31 20:01:59] Trees\Exception\TreesException: Validation rule 'password_secure' does not exist. in C:\xampp\htdocs\evently\core\Validation\Validator.php on line 187
Stack trace:
#0 C:\xampp\htdocs\evently\core\Validation\Validator.php(115): Trees\Validation\Validator->applyRule('password', 'password_secure')
#1 C:\xampp\htdocs\evently\core\Validation\Validator.php(193): Trees\Validation\Validator->passes()
#2 C:\xampp\htdocs\evently\core\Http\Request.php(85): Trees\Validation\Validator->fails()
#3 C:\xampp\htdocs\evently\app\controllers\AuthController.php(53): Trees\Http\Request->validate(Array, false)
#4 C:\xampp\htdocs\evently\core\Trees.php(234): App\controllers\AuthController->create_user(Object(Trees\Http\Request), Object(Trees\Http\Response))
#5 C:\xampp\htdocs\evently\core\Trees.php(212): Trees\Trees->invokeController('App\\controllers...', 'create_user', Array)
#6 C:\xampp\htdocs\evently\core\Trees.php(171): Trees\Trees->executeHandler(Object(Trees\Router\Route))
#7 C:\xampp\htdocs\evently\core\Trees.php(139): Trees\Trees->dispatch()
#8 C:\xampp\htdocs\evently\public\index.php(8): Trees\Trees->run()
#9 {main}

[2025-08-31 20:02:15] Trees\Exception\TreesException: Validation rule 'password.secure' does not exist. in C:\xampp\htdocs\evently\core\Validation\Validator.php on line 187
Stack trace:
#0 C:\xampp\htdocs\evently\core\Validation\Validator.php(115): Trees\Validation\Validator->applyRule('password', 'password.secure')
#1 C:\xampp\htdocs\evently\core\Validation\Validator.php(193): Trees\Validation\Validator->passes()
#2 C:\xampp\htdocs\evently\core\Http\Request.php(85): Trees\Validation\Validator->fails()
#3 C:\xampp\htdocs\evently\app\controllers\AuthController.php(53): Trees\Http\Request->validate(Array, false)
#4 C:\xampp\htdocs\evently\core\Trees.php(234): App\controllers\AuthController->create_user(Object(Trees\Http\Request), Object(Trees\Http\Response))
#5 C:\xampp\htdocs\evently\core\Trees.php(212): Trees\Trees->invokeController('App\\controllers...', 'create_user', Array)
#6 C:\xampp\htdocs\evently\core\Trees.php(171): Trees\Trees->executeHandler(Object(Trees\Router\Route))
#7 C:\xampp\htdocs\evently\core\Trees.php(139): Trees\Trees->dispatch()
#8 C:\xampp\htdocs\evently\public\index.php(8): Trees\Trees->run()
#9 {main}

[2025-08-31 20:02:35] Trees\Exception\TreesException: Validation rule 'password_secure' does not exist. in C:\xampp\htdocs\evently\core\Validation\Validator.php on line 187
Stack trace:
#0 C:\xampp\htdocs\evently\core\Validation\Validator.php(115): Trees\Validation\Validator->applyRule('password', 'password_secure')
#1 C:\xampp\htdocs\evently\core\Validation\Validator.php(193): Trees\Validation\Validator->passes()
#2 C:\xampp\htdocs\evently\core\Http\Request.php(85): Trees\Validation\Validator->fails()
#3 C:\xampp\htdocs\evently\app\controllers\AuthController.php(53): Trees\Http\Request->validate(Array, false)
#4 C:\xampp\htdocs\evently\core\Trees.php(234): App\controllers\AuthController->create_user(Object(Trees\Http\Request), Object(Trees\Http\Response))
#5 C:\xampp\htdocs\evently\core\Trees.php(212): Trees\Trees->invokeController('App\\controllers...', 'create_user', Array)
#6 C:\xampp\htdocs\evently\core\Trees.php(171): Trees\Trees->executeHandler(Object(Trees\Router\Route))
#7 C:\xampp\htdocs\evently\core\Trees.php(139): Trees\Trees->dispatch()
#8 C:\xampp\htdocs\evently\public\index.php(8): Trees\Trees->run()
#9 {main}

[31-Aug-2025 23:15:03 Africa/Lagos] SMTP Configuration successful
[31-Aug-2025 23:15:03 Africa/Lagos] Attempting to send email to: amisuusman@gmail.com
[31-Aug-2025 23:15:03 Africa/Lagos] Subject: Test Email from Eventlyy
[31-Aug-2025 23:15:25 Africa/Lagos] PHPMailer Debug Level 1: SMTP ERROR: Failed to connect to server: A connection attempt failed because the connected party did not properly respond after a period of time, or established connection failed because connected host has failed to respond (10060)
[31-Aug-2025 23:15:25 Africa/Lagos] PHPMailer Debug Level 2: SMTP Error: Could not connect to SMTP host. Failed to connect to server
[31-Aug-2025 23:15:25 Africa/Lagos] Email to amisuusman@gmail.com failed: SMTP Error: Could not connect to SMTP host. Failed to connect to server
[31-Aug-2025 23:15:25 Africa/Lagos] Error Info: SMTP Error: Could not connect to SMTP host. Failed to connect to server SMTP server error: Failed to connect to server SMTP code: 10060 Additional SMTP info: A connection attempt failed because the connected party did not properly respond after a period of time, or established connection failed because connected host has failed to respond
[31-Aug-2025 23:15:25 Africa/Lagos] SMTP Configuration successful
[31-Aug-2025 23:15:42 Africa/Lagos] SMTP Configuration successful
[31-Aug-2025 23:16:02 Africa/Lagos] SMTP Configuration successful
[31-Aug-2025 23:16:02 Africa/Lagos] Attempting to send email to: celionatti@gmail.com
[31-Aug-2025 23:16:02 Africa/Lagos] Subject: Test Email from Eventlyy
[31-Aug-2025 23:16:24 Africa/Lagos] PHPMailer Debug Level 1: SMTP ERROR: Failed to connect to server: A connection attempt failed because the connected party did not properly respond after a period of time, or established connection failed because connected host has failed to respond (10060)
[31-Aug-2025 23:16:24 Africa/Lagos] PHPMailer Debug Level 2: SMTP Error: Could not connect to SMTP host. Failed to connect to server
[31-Aug-2025 23:16:24 Africa/Lagos] Email to celionatti@gmail.com failed: SMTP Error: Could not connect to SMTP host. Failed to connect to server
[31-Aug-2025 23:16:24 Africa/Lagos] Error Info: SMTP Error: Could not connect to SMTP host. Failed to connect to server SMTP server error: Failed to connect to server SMTP code: 10060 Additional SMTP info: A connection attempt failed because the connected party did not properly respond after a period of time, or established connection failed because connected host has failed to respond
[31-Aug-2025 23:16:24 Africa/Lagos] SMTP Configuration successful
[31-Aug-2025 23:47:06 Africa/Lagos] SMTP Configuration successful
[31-Aug-2025 23:47:10 Africa/Lagos] SMTP Configuration successful
[31-Aug-2025 23:47:10 Africa/Lagos] Attempting to send email to: celionatti@gmail.com
[31-Aug-2025 23:47:10 Africa/Lagos] Subject: Test Email from Eventlyy
[31-Aug-2025 23:47:31 Africa/Lagos] PHPMailer Debug Level 1: SMTP ERROR: Failed to connect to server: A connection attempt failed because the connected party did not properly respond after a period of time, or established connection failed because connected host has failed to respond (10060)
[31-Aug-2025 23:47:31 Africa/Lagos] PHPMailer Debug Level 2: SMTP Error: Could not connect to SMTP host. Failed to connect to server
[31-Aug-2025 23:47:31 Africa/Lagos] Email to celionatti@gmail.com failed: SMTP Error: Could not connect to SMTP host. Failed to connect to server
[31-Aug-2025 23:47:31 Africa/Lagos] Error Info: SMTP Error: Could not connect to SMTP host. Failed to connect to server SMTP server error: Failed to connect to server SMTP code: 10060 Additional SMTP info: A connection attempt failed because the connected party did not properly respond after a period of time, or established connection failed because connected host has failed to respond
[31-Aug-2025 23:47:31 Africa/Lagos] SMTP Configuration successful
