[2025-09-17 10:03:29] Trees\Exception\TreesException: Route not found for path: /dist/css/bootstrap.min.css.map in C:\xampp\htdocs\evently\core\Router\Router.php on line 53
Stack trace:
#0 C:\xampp\htdocs\evently\core\Trees.php(169): Trees\Router\Router->resolve(Object(Trees\Http\Request))
#1 C:\xampp\htdocs\evently\core\Trees.php(139): Trees\Trees->dispatch()
#2 C:\xampp\htdocs\evently\public\index.php(8): Trees\Trees->run()
#3 {main}

[2025-09-17 11:57:16] Trees\Exception\TreesException: Route not found for path: /dist/css/bootstrap.min.css.map in C:\xampp\htdocs\evently\core\Router\Router.php on line 53
Stack trace:
#0 C:\xampp\htdocs\evently\core\Trees.php(169): Trees\Router\Router->resolve(Object(Trees\Http\Request))
#1 C:\xampp\htdocs\evently\core\Trees.php(139): Trees\Trees->dispatch()
#2 C:\xampp\htdocs\evently\public\index.php(8): Trees\Trees->run()
#3 {main}

[2025-09-17 12:00:08] Trees\Exception\TreesException: Route not found for path: /dist/css/bootstrap.min.css.map in C:\xampp\htdocs\evently\core\Router\Router.php on line 53
Stack trace:
#0 C:\xampp\htdocs\evently\core\Trees.php(169): Trees\Router\Router->resolve(Object(Trees\Http\Request))
#1 C:\xampp\htdocs\evently\core\Trees.php(139): Trees\Trees->dispatch()
#2 C:\xampp\htdocs\evently\public\index.php(8): Trees\Trees->run()
#3 {main}

[2025-09-17 12:01:38] Trees\Exception\TreesException: Route not found for path: /dist/css/bootstrap.min.css.map in C:\xampp\htdocs\evently\core\Router\Router.php on line 53
Stack trace:
#0 C:\xampp\htdocs\evently\core\Trees.php(169): Trees\Router\Router->resolve(Object(Trees\Http\Request))
#1 C:\xampp\htdocs\evently\core\Trees.php(139): Trees\Trees->dispatch()
#2 C:\xampp\htdocs\evently\public\index.php(8): Trees\Trees->run()
#3 {main}

[2025-09-17 12:02:42] Trees\Exception\TreesException: Route not found for path: /dist/css/bootstrap.min.css.map in C:\xampp\htdocs\evently\core\Router\Router.php on line 53
Stack trace:
#0 C:\xampp\htdocs\evently\core\Trees.php(169): Trees\Router\Router->resolve(Object(Trees\Http\Request))
#1 C:\xampp\htdocs\evently\core\Trees.php(139): Trees\Trees->dispatch()
#2 C:\xampp\htdocs\evently\public\index.php(8): Trees\Trees->run()
#3 {main}

[2025-09-17 12:02:45] Trees\Exception\TreesException: Route not found for path: /dist/css/bootstrap.min.css.map in C:\xampp\htdocs\evently\core\Router\Router.php on line 53
Stack trace:
#0 C:\xampp\htdocs\evently\core\Trees.php(169): Trees\Router\Router->resolve(Object(Trees\Http\Request))
#1 C:\xampp\htdocs\evently\core\Trees.php(139): Trees\Trees->dispatch()
#2 C:\xampp\htdocs\evently\public\index.php(8): Trees\Trees->run()
#3 {main}

[2025-09-17 12:06:51] Trees\Exception\TreesException: Route not found for path: /admin/advertisements/edit/uploads/advertisements/68c81625e2dfb_3b93a19f.png in C:\xampp\htdocs\evently\core\Router\Router.php on line 53
Stack trace:
#0 C:\xampp\htdocs\evently\core\Trees.php(169): Trees\Router\Router->resolve(Object(Trees\Http\Request))
#1 C:\xampp\htdocs\evently\core\Trees.php(139): Trees\Trees->dispatch()
#2 C:\xampp\htdocs\evently\public\index.php(8): Trees\Trees->run()
#3 {main}

[2025-09-17 12:11:10] Trees\Exception\TreesException: Route not found for path: /dist/css/bootstrap.min.css.map in C:\xampp\htdocs\evently\core\Router\Router.php on line 53
Stack trace:
#0 C:\xampp\htdocs\evently\core\Trees.php(169): Trees\Router\Router->resolve(Object(Trees\Http\Request))
#1 C:\xampp\htdocs\evently\core\Trees.php(139): Trees\Trees->dispatch()
#2 C:\xampp\htdocs\evently\public\index.php(8): Trees\Trees->run()
#3 {main}

[2025-09-17 12:13:46] Trees\Exception\TreesException: Route not found for path: /dist/css/bootstrap.min.css.map in C:\xampp\htdocs\evently\core\Router\Router.php on line 53
Stack trace:
#0 C:\xampp\htdocs\evently\core\Trees.php(169): Trees\Router\Router->resolve(Object(Trees\Http\Request))
#1 C:\xampp\htdocs\evently\core\Trees.php(139): Trees\Trees->dispatch()
#2 C:\xampp\htdocs\evently\public\index.php(8): Trees\Trees->run()
#3 {main}

[2025-09-17 12:22:42] Trees\Exception\TreesException: Route not found for path: /dist/css/bootstrap.min.css.map in C:\xampp\htdocs\evently\core\Router\Router.php on line 53
Stack trace:
#0 C:\xampp\htdocs\evently\core\Trees.php(169): Trees\Router\Router->resolve(Object(Trees\Http\Request))
#1 C:\xampp\htdocs\evently\core\Trees.php(139): Trees\Trees->dispatch()
#2 C:\xampp\htdocs\evently\public\index.php(8): Trees\Trees->run()
#3 {main}

[2025-09-17 12:22:47] Trees\Exception\TreesException: Route not found for path: /dist/css/bootstrap.min.css.map in C:\xampp\htdocs\evently\core\Router\Router.php on line 53
Stack trace:
#0 C:\xampp\htdocs\evently\core\Trees.php(169): Trees\Router\Router->resolve(Object(Trees\Http\Request))
#1 C:\xampp\htdocs\evently\core\Trees.php(139): Trees\Trees->dispatch()
#2 C:\xampp\htdocs\evently\public\index.php(8): Trees\Trees->run()
#3 {main}

[2025-09-17 12:22:52] Trees\Exception\TreesException: Route not found for path: /admin/advertisements/update/1 in C:\xampp\htdocs\evently\core\Router\Router.php on line 53
Stack trace:
#0 C:\xampp\htdocs\evently\core\Trees.php(169): Trees\Router\Router->resolve(Object(Trees\Http\Request))
#1 C:\xampp\htdocs\evently\core\Trees.php(139): Trees\Trees->dispatch()
#2 C:\xampp\htdocs\evently\public\index.php(8): Trees\Trees->run()
#3 {main}

[2025-09-17 12:23:03] Trees\Exception\TreesException: Route not found for path: /admin/advertisements/update/1 in C:\xampp\htdocs\evently\core\Router\Router.php on line 53
Stack trace:
#0 C:\xampp\htdocs\evently\core\Trees.php(169): Trees\Router\Router->resolve(Object(Trees\Http\Request))
#1 C:\xampp\htdocs\evently\core\Trees.php(139): Trees\Trees->dispatch()
#2 C:\xampp\htdocs\evently\public\index.php(8): Trees\Trees->run()
#3 {main}

[2025-09-17 12:27:33] Trees\Exception\TreesException: Route not found for path: /admin/advertisements/view/1 in C:\xampp\htdocs\evently\core\Router\Router.php on line 53
Stack trace:
#0 C:\xampp\htdocs\evently\core\Trees.php(169): Trees\Router\Router->resolve(Object(Trees\Http\Request))
#1 C:\xampp\htdocs\evently\core\Trees.php(139): Trees\Trees->dispatch()
#2 C:\xampp\htdocs\evently\public\index.php(8): Trees\Trees->run()
#3 {main}

[2025-09-17 13:43:32] Trees\Exception\TreesException: Route not found for path: /terms-and-conditions in C:\xampp\htdocs\evently\core\Router\Router.php on line 53
Stack trace:
#0 C:\xampp\htdocs\evently\core\Trees.php(169): Trees\Router\Router->resolve(Object(Trees\Http\Request))
#1 C:\xampp\htdocs\evently\core\Trees.php(139): Trees\Trees->dispatch()
#2 C:\xampp\htdocs\evently\public\index.php(8): Trees\Trees->run()
#3 {main}

[2025-09-17 13:44:12] ErrorException: Undefined variable $advertisements in C:\xampp\htdocs\evently\storage\cache\temp_68caad1c3a2cf9.35136090.php on line 222
Stack trace:
#0 C:\xampp\htdocs\evently\storage\cache\temp_68caad1c3a2cf9.35136090.php(222): Trees\Exception\Handler\ExceptionHandler->handleError(2, 'Undefined varia...', 'C:\\xampp\\htdocs...', 222)
#1 C:\xampp\htdocs\evently\core\View\View.php(559): include('C:\\xampp\\htdocs...')
#2 C:\xampp\htdocs\evently\core\View\View.php(298): Trees\View\View->evaluateTemplate('<?php\r\n\r\nuse Ap...', Array, 'C:\\xampp\\htdocs...')
#3 C:\xampp\htdocs\evently\core\View\View.php(147): Trees\View\View->renderTemplate('events', Array)
#4 C:\xampp\htdocs\evently\core\Controller\Controller.php(34): Trees\View\View->render('events', Array)
#5 C:\xampp\htdocs\evently\app\controllers\EventController.php(103): Trees\Controller\Controller->render('events', Array)
#6 C:\xampp\htdocs\evently\core\Trees.php(234): App\controllers\EventController->events(Object(Trees\Http\Request), Object(Trees\Http\Response))
#7 C:\xampp\htdocs\evently\core\Trees.php(212): Trees\Trees->invokeController('App\\controllers...', 'events', Array)
#8 C:\xampp\htdocs\evently\core\Trees.php(171): Trees\Trees->executeHandler(Object(Trees\Router\Route))
#9 C:\xampp\htdocs\evently\core\Trees.php(139): Trees\Trees->dispatch()
#10 C:\xampp\htdocs\evently\public\index.php(8): Trees\Trees->run()
#11 {main}

[2025-09-17 14:00:00] Trees\Exception\TreesException: Route not found for path: /about-us in C:\xampp\htdocs\evently\core\Router\Router.php on line 53
Stack trace:
#0 C:\xampp\htdocs\evently\core\Trees.php(169): Trees\Router\Router->resolve(Object(Trees\Http\Request))
#1 C:\xampp\htdocs\evently\core\Trees.php(139): Trees\Trees->dispatch()
#2 C:\xampp\htdocs\evently\public\index.php(8): Trees\Trees->run()
#3 {main}

[17-Sep-2025 22:19:09 Africa/Lagos] [FileUploader] info: Created upload directory: uploads/articles/ with permissions 0755
[2025-09-17 22:19:09] TypeError: App\controllers\AdminArticleController::manage(): Return value must be of type string, null returned in C:\xampp\htdocs\evently\app\controllers\AdminArticleController.php on line 58
Stack trace:
#0 C:\xampp\htdocs\evently\core\Trees.php(234): App\controllers\AdminArticleController->manage(Object(Trees\Http\Request), Object(Trees\Http\Response))
#1 C:\xampp\htdocs\evently\core\Trees.php(212): Trees\Trees->invokeController('App\\controllers...', 'manage', Array)
#2 C:\xampp\htdocs\evently\core\Trees.php(171): Trees\Trees->executeHandler(Object(Trees\Router\Route))
#3 C:\xampp\htdocs\evently\core\Trees.php(139): Trees\Trees->dispatch()
#4 C:\xampp\htdocs\evently\public\index.php(8): Trees\Trees->run()
#5 {main}

[2025-09-17 22:19:09] ErrorException: Cannot modify header information - headers already sent by (output started at C:\xampp\htdocs\evently\core\View\View.php:153) in C:\xampp\htdocs\evently\core\Exception\Handler\ExceptionHandler.php on line 149
Stack trace:
#0 [internal function]: Trees\Exception\Handler\ExceptionHandler->handleError(2, 'Cannot modify h...', 'C:\\xampp\\htdocs...', 149)
#1 C:\xampp\htdocs\evently\core\Exception\Handler\ExceptionHandler.php(149): header('Content-Type: t...')
#2 C:\xampp\htdocs\evently\core\Exception\Handler\ExceptionHandler.php(97): Trees\Exception\Handler\ExceptionHandler->renderDevelopmentError(Object(TypeError), Array)
#3 C:\xampp\htdocs\evently\core\Trees.php(147): Trees\Exception\Handler\ExceptionHandler->handleHttpException(Object(TypeError), Object(Trees\Http\Request))
#4 C:\xampp\htdocs\evently\core\Trees.php(141): Trees\Trees->handleException(Object(TypeError))
#5 C:\xampp\htdocs\evently\public\index.php(8): Trees\Trees->run()
#6 {main}

[17-Sep-2025 22:19:09 Africa/Lagos] PHP Warning:  Cannot modify header information - headers already sent by (output started at C:\xampp\htdocs\evently\core\View\View.php:153) in C:\xampp\htdocs\evently\core\Exception\Handler\ExceptionHandler.php on line 149
[2025-09-17 22:19:15] TypeError: App\controllers\AdminArticleController::manage(): Return value must be of type string, null returned in C:\xampp\htdocs\evently\app\controllers\AdminArticleController.php on line 58
Stack trace:
#0 C:\xampp\htdocs\evently\core\Trees.php(234): App\controllers\AdminArticleController->manage(Object(Trees\Http\Request), Object(Trees\Http\Response))
#1 C:\xampp\htdocs\evently\core\Trees.php(212): Trees\Trees->invokeController('App\\controllers...', 'manage', Array)
#2 C:\xampp\htdocs\evently\core\Trees.php(171): Trees\Trees->executeHandler(Object(Trees\Router\Route))
#3 C:\xampp\htdocs\evently\core\Trees.php(139): Trees\Trees->dispatch()
#4 C:\xampp\htdocs\evently\public\index.php(8): Trees\Trees->run()
#5 {main}

[2025-09-17 22:19:15] ErrorException: Cannot modify header information - headers already sent by (output started at C:\xampp\htdocs\evently\core\View\View.php:153) in C:\xampp\htdocs\evently\core\Exception\Handler\ExceptionHandler.php on line 149
Stack trace:
#0 [internal function]: Trees\Exception\Handler\ExceptionHandler->handleError(2, 'Cannot modify h...', 'C:\\xampp\\htdocs...', 149)
#1 C:\xampp\htdocs\evently\core\Exception\Handler\ExceptionHandler.php(149): header('Content-Type: t...')
#2 C:\xampp\htdocs\evently\core\Exception\Handler\ExceptionHandler.php(97): Trees\Exception\Handler\ExceptionHandler->renderDevelopmentError(Object(TypeError), Array)
#3 C:\xampp\htdocs\evently\core\Trees.php(147): Trees\Exception\Handler\ExceptionHandler->handleHttpException(Object(TypeError), Object(Trees\Http\Request))
#4 C:\xampp\htdocs\evently\core\Trees.php(141): Trees\Trees->handleException(Object(TypeError))
#5 C:\xampp\htdocs\evently\public\index.php(8): Trees\Trees->run()
#6 {main}

[17-Sep-2025 22:19:15 Africa/Lagos] PHP Warning:  Cannot modify header information - headers already sent by (output started at C:\xampp\htdocs\evently\core\View\View.php:153) in C:\xampp\htdocs\evently\core\Exception\Handler\ExceptionHandler.php on line 149
[2025-09-17 22:20:49] TypeError: App\controllers\AdminArticleController::manage(): Return value must be of type string, null returned in C:\xampp\htdocs\evently\app\controllers\AdminArticleController.php on line 58
Stack trace:
#0 C:\xampp\htdocs\evently\core\Trees.php(234): App\controllers\AdminArticleController->manage(Object(Trees\Http\Request), Object(Trees\Http\Response))
#1 C:\xampp\htdocs\evently\core\Trees.php(212): Trees\Trees->invokeController('App\\controllers...', 'manage', Array)
#2 C:\xampp\htdocs\evently\core\Trees.php(171): Trees\Trees->executeHandler(Object(Trees\Router\Route))
#3 C:\xampp\htdocs\evently\core\Trees.php(139): Trees\Trees->dispatch()
#4 C:\xampp\htdocs\evently\public\index.php(8): Trees\Trees->run()
#5 {main}

[2025-09-17 22:20:49] ErrorException: Cannot modify header information - headers already sent by (output started at C:\xampp\htdocs\evently\core\View\View.php:153) in C:\xampp\htdocs\evently\core\Exception\Handler\ExceptionHandler.php on line 149
Stack trace:
#0 [internal function]: Trees\Exception\Handler\ExceptionHandler->handleError(2, 'Cannot modify h...', 'C:\\xampp\\htdocs...', 149)
#1 C:\xampp\htdocs\evently\core\Exception\Handler\ExceptionHandler.php(149): header('Content-Type: t...')
#2 C:\xampp\htdocs\evently\core\Exception\Handler\ExceptionHandler.php(97): Trees\Exception\Handler\ExceptionHandler->renderDevelopmentError(Object(TypeError), Array)
#3 C:\xampp\htdocs\evently\core\Trees.php(147): Trees\Exception\Handler\ExceptionHandler->handleHttpException(Object(TypeError), Object(Trees\Http\Request))
#4 C:\xampp\htdocs\evently\core\Trees.php(141): Trees\Trees->handleException(Object(TypeError))
#5 C:\xampp\htdocs\evently\public\index.php(8): Trees\Trees->run()
#6 {main}

[17-Sep-2025 22:20:49 Africa/Lagos] PHP Warning:  Cannot modify header information - headers already sent by (output started at C:\xampp\htdocs\evently\core\View\View.php:153) in C:\xampp\htdocs\evently\core\Exception\Handler\ExceptionHandler.php on line 149
[2025-09-17 22:21:14] TypeError: App\controllers\AdminArticleController::manage(): Return value must be of type string, null returned in C:\xampp\htdocs\evently\app\controllers\AdminArticleController.php on line 58
Stack trace:
#0 C:\xampp\htdocs\evently\core\Trees.php(234): App\controllers\AdminArticleController->manage(Object(Trees\Http\Request), Object(Trees\Http\Response))
#1 C:\xampp\htdocs\evently\core\Trees.php(212): Trees\Trees->invokeController('App\\controllers...', 'manage', Array)
#2 C:\xampp\htdocs\evently\core\Trees.php(171): Trees\Trees->executeHandler(Object(Trees\Router\Route))
#3 C:\xampp\htdocs\evently\core\Trees.php(139): Trees\Trees->dispatch()
#4 C:\xampp\htdocs\evently\public\index.php(8): Trees\Trees->run()
#5 {main}

[2025-09-17 22:21:14] ErrorException: Cannot modify header information - headers already sent by (output started at C:\xampp\htdocs\evently\core\View\View.php:153) in C:\xampp\htdocs\evently\core\Exception\Handler\ExceptionHandler.php on line 149
Stack trace:
#0 [internal function]: Trees\Exception\Handler\ExceptionHandler->handleError(2, 'Cannot modify h...', 'C:\\xampp\\htdocs...', 149)
#1 C:\xampp\htdocs\evently\core\Exception\Handler\ExceptionHandler.php(149): header('Content-Type: t...')
#2 C:\xampp\htdocs\evently\core\Exception\Handler\ExceptionHandler.php(97): Trees\Exception\Handler\ExceptionHandler->renderDevelopmentError(Object(TypeError), Array)
#3 C:\xampp\htdocs\evently\core\Trees.php(147): Trees\Exception\Handler\ExceptionHandler->handleHttpException(Object(TypeError), Object(Trees\Http\Request))
#4 C:\xampp\htdocs\evently\core\Trees.php(141): Trees\Trees->handleException(Object(TypeError))
#5 C:\xampp\htdocs\evently\public\index.php(8): Trees\Trees->run()
#6 {main}

[17-Sep-2025 22:21:14 Africa/Lagos] PHP Warning:  Cannot modify header information - headers already sent by (output started at C:\xampp\htdocs\evently\core\View\View.php:153) in C:\xampp\htdocs\evently\core\Exception\Handler\ExceptionHandler.php on line 149
[2025-09-17 22:22:07] TypeError: App\controllers\AdminArticleController::manage(): Return value must be of type string, null returned in C:\xampp\htdocs\evently\app\controllers\AdminArticleController.php on line 58
Stack trace:
#0 C:\xampp\htdocs\evently\core\Trees.php(234): App\controllers\AdminArticleController->manage(Object(Trees\Http\Request), Object(Trees\Http\Response))
#1 C:\xampp\htdocs\evently\core\Trees.php(212): Trees\Trees->invokeController('App\\controllers...', 'manage', Array)
#2 C:\xampp\htdocs\evently\core\Trees.php(171): Trees\Trees->executeHandler(Object(Trees\Router\Route))
#3 C:\xampp\htdocs\evently\core\Trees.php(139): Trees\Trees->dispatch()
#4 C:\xampp\htdocs\evently\public\index.php(8): Trees\Trees->run()
#5 {main}

[2025-09-17 22:22:07] ErrorException: Cannot modify header information - headers already sent by (output started at C:\xampp\htdocs\evently\core\View\View.php:153) in C:\xampp\htdocs\evently\core\Exception\Handler\ExceptionHandler.php on line 149
Stack trace:
#0 [internal function]: Trees\Exception\Handler\ExceptionHandler->handleError(2, 'Cannot modify h...', 'C:\\xampp\\htdocs...', 149)
#1 C:\xampp\htdocs\evently\core\Exception\Handler\ExceptionHandler.php(149): header('Content-Type: t...')
#2 C:\xampp\htdocs\evently\core\Exception\Handler\ExceptionHandler.php(97): Trees\Exception\Handler\ExceptionHandler->renderDevelopmentError(Object(TypeError), Array)
#3 C:\xampp\htdocs\evently\core\Trees.php(147): Trees\Exception\Handler\ExceptionHandler->handleHttpException(Object(TypeError), Object(Trees\Http\Request))
#4 C:\xampp\htdocs\evently\core\Trees.php(141): Trees\Trees->handleException(Object(TypeError))
#5 C:\xampp\htdocs\evently\public\index.php(8): Trees\Trees->run()
#6 {main}

[17-Sep-2025 22:22:07 Africa/Lagos] PHP Warning:  Cannot modify header information - headers already sent by (output started at C:\xampp\htdocs\evently\core\View\View.php:153) in C:\xampp\htdocs\evently\core\Exception\Handler\ExceptionHandler.php on line 149
[2025-09-17 22:22:39] TypeError: App\controllers\AdminArticleController::manage(): Return value must be of type string, null returned in C:\xampp\htdocs\evently\app\controllers\AdminArticleController.php on line 58
Stack trace:
#0 C:\xampp\htdocs\evently\core\Trees.php(234): App\controllers\AdminArticleController->manage(Object(Trees\Http\Request), Object(Trees\Http\Response))
#1 C:\xampp\htdocs\evently\core\Trees.php(212): Trees\Trees->invokeController('App\\controllers...', 'manage', Array)
#2 C:\xampp\htdocs\evently\core\Trees.php(171): Trees\Trees->executeHandler(Object(Trees\Router\Route))
#3 C:\xampp\htdocs\evently\core\Trees.php(139): Trees\Trees->dispatch()
#4 C:\xampp\htdocs\evently\public\index.php(8): Trees\Trees->run()
#5 {main}

[2025-09-17 22:22:39] ErrorException: Cannot modify header information - headers already sent by (output started at C:\xampp\htdocs\evently\core\View\View.php:153) in C:\xampp\htdocs\evently\core\Exception\Handler\ExceptionHandler.php on line 149
Stack trace:
#0 [internal function]: Trees\Exception\Handler\ExceptionHandler->handleError(2, 'Cannot modify h...', 'C:\\xampp\\htdocs...', 149)
#1 C:\xampp\htdocs\evently\core\Exception\Handler\ExceptionHandler.php(149): header('Content-Type: t...')
#2 C:\xampp\htdocs\evently\core\Exception\Handler\ExceptionHandler.php(97): Trees\Exception\Handler\ExceptionHandler->renderDevelopmentError(Object(TypeError), Array)
#3 C:\xampp\htdocs\evently\core\Trees.php(147): Trees\Exception\Handler\ExceptionHandler->handleHttpException(Object(TypeError), Object(Trees\Http\Request))
#4 C:\xampp\htdocs\evently\core\Trees.php(141): Trees\Trees->handleException(Object(TypeError))
#5 C:\xampp\htdocs\evently\public\index.php(8): Trees\Trees->run()
#6 {main}

[17-Sep-2025 22:22:39 Africa/Lagos] PHP Warning:  Cannot modify header information - headers already sent by (output started at C:\xampp\htdocs\evently\core\View\View.php:153) in C:\xampp\htdocs\evently\core\Exception\Handler\ExceptionHandler.php on line 149
