[2025-09-11 12:44:49] Error: Class "ZipArchive" not found in C:\xampp\htdocs\evently\app\controllers\CheckoutController.php on line 994
Stack trace:
#0 C:\xampp\htdocs\evently\core\Trees.php(234): App\Controllers\CheckoutController->downloadAllTickets(Object(Trees\Http\Request), Object(Trees\Http\Response), 'EVT_1757588261_...')
#1 C:\xampp\htdocs\evently\core\Trees.php(212): Trees\Trees->invokeController('App\\Controllers...', 'downloadAllTick...', Array)
#2 C:\xampp\htdocs\evently\core\Trees.php(171): Trees\Trees->executeHandler(Object(Trees\Router\Route))
#3 C:\xampp\htdocs\evently\core\Trees.php(139): Trees\Trees->dispatch()
#4 C:\xampp\htdocs\evently\public\index.php(8): Trees\Trees->run()
#5 {main}

[2025-09-11 13:03:18] ErrorException: require_once(C:\xampp\htdocs\evently/vendor/endroid/qr-code/src/ErrorCorrectionLevel/ErrorCorrectionLevel.php): Failed to open stream: No such file or directory in C:\xampp\htdocs\evently\app\controllers\CheckoutController.php on line 1122
Stack trace:
#0 C:\xampp\htdocs\evently\app\controllers\CheckoutController.php(1122): Trees\Exception\Handler\ExceptionHandler->handleError(2, 'require_once(C:...', 'C:\\xampp\\htdocs...', 1122)
#1 C:\xampp\htdocs\evently\app\controllers\CheckoutController.php(1122): require_once()
#2 C:\xampp\htdocs\evently\app\controllers\CheckoutController.php(833): App\Controllers\CheckoutController->generateQRCode('{"ticket_code":...')
#3 C:\xampp\htdocs\evently\app\controllers\CheckoutController.php(748): App\Controllers\CheckoutController->generateTicketPDF(Object(App\models\Attendee), Object(App\models\Event), Object(App\models\Transaction), Object(App\models\Ticket))
#4 C:\xampp\htdocs\evently\core\Trees.php(234): App\Controllers\CheckoutController->downloadTicket(Object(Trees\Http\Request), Object(Trees\Http\Response), '3', 'EVT_1757588261_...')
#5 C:\xampp\htdocs\evently\core\Trees.php(212): Trees\Trees->invokeController('App\\Controllers...', 'downloadTicket', Array)
#6 C:\xampp\htdocs\evently\core\Trees.php(171): Trees\Trees->executeHandler(Object(Trees\Router\Route))
#7 C:\xampp\htdocs\evently\core\Trees.php(139): Trees\Trees->dispatch()
#8 C:\xampp\htdocs\evently\public\index.php(8): Trees\Trees->run()
#9 {main}

[2025-09-11 13:05:23] Error: Call to undefined method Endroid\QrCode\QrCode::create() in C:\xampp\htdocs\evently\app\controllers\CheckoutController.php on line 1127
Stack trace:
#0 C:\xampp\htdocs\evently\app\controllers\CheckoutController.php(837): App\Controllers\CheckoutController->generateQRCode('{"ticket_code":...')
#1 C:\xampp\htdocs\evently\app\controllers\CheckoutController.php(752): App\Controllers\CheckoutController->generateTicketPDF(Object(App\models\Attendee), Object(App\models\Event), Object(App\models\Transaction), Object(App\models\Ticket))
#2 C:\xampp\htdocs\evently\core\Trees.php(234): App\Controllers\CheckoutController->downloadTicket(Object(Trees\Http\Request), Object(Trees\Http\Response), '3', 'EVT_1757588261_...')
#3 C:\xampp\htdocs\evently\core\Trees.php(212): Trees\Trees->invokeController('App\\Controllers...', 'downloadTicket', Array)
#4 C:\xampp\htdocs\evently\core\Trees.php(171): Trees\Trees->executeHandler(Object(Trees\Router\Route))
#5 C:\xampp\htdocs\evently\core\Trees.php(139): Trees\Trees->dispatch()
#6 C:\xampp\htdocs\evently\public\index.php(8): Trees\Trees->run()
#7 {main}

[2025-09-11 14:06:44] Error: Call to undefined method Endroid\QrCode\QrCode::create() in C:\xampp\htdocs\evently\app\controllers\CheckoutController.php on line 1124
Stack trace:
#0 C:\xampp\htdocs\evently\app\controllers\CheckoutController.php(837): App\Controllers\CheckoutController->generateQRCode('{"ticket_code":...')
#1 C:\xampp\htdocs\evently\app\controllers\CheckoutController.php(752): App\Controllers\CheckoutController->generateTicketPDF(Object(App\models\Attendee), Object(App\models\Event), Object(App\models\Transaction), Object(App\models\Ticket))
#2 C:\xampp\htdocs\evently\core\Trees.php(234): App\Controllers\CheckoutController->downloadTicket(Object(Trees\Http\Request), Object(Trees\Http\Response), '3', 'EVT_1757588261_...')
#3 C:\xampp\htdocs\evently\core\Trees.php(212): Trees\Trees->invokeController('App\\Controllers...', 'downloadTicket', Array)
#4 C:\xampp\htdocs\evently\core\Trees.php(171): Trees\Trees->executeHandler(Object(Trees\Router\Route))
#5 C:\xampp\htdocs\evently\core\Trees.php(139): Trees\Trees->dispatch()
#6 C:\xampp\htdocs\evently\public\index.php(8): Trees\Trees->run()
#7 {main}

