[2025-09-06 10:53:31] ErrorException: Undefined variable $_SESS in C:\xampp\htdocs\evently\app\controllers\CheckoutController.php on line 199
Stack trace:
#0 C:\xampp\htdocs\evently\app\controllers\CheckoutController.php(199): Trees\Exception\Handler\ExceptionHandler->handleError(2, 'Undefined varia...', 'C:\\xampp\\htdocs...', 199)
#1 C:\xampp\htdocs\evently\core\Trees.php(234): App\Controllers\CheckoutController->paymentPage(Object(Trees\Http\Request), Object(Trees\Http\Response), 'EVT_1757113144_...')
#2 C:\xampp\htdocs\evently\core\Trees.php(212): Trees\Trees->invokeController('App\\Controllers...', 'paymentPage', Array)
#3 C:\xampp\htdocs\evently\core\Trees.php(171): Trees\Trees->executeHandler(Object(Trees\Router\Route))
#4 C:\xampp\htdocs\evently\core\Trees.php(139): Trees\Trees->dispatch()
#5 C:\xampp\htdocs\evently\public\index.php(8): Trees\Trees->run()
#6 {main}

[2025-09-06 12:35:03] Error: Typed property Trees\Controller\Controller::$view must not be accessed before initialization in C:\xampp\htdocs\evently\core\Controller\Controller.php on line 34
Stack trace:
#0 C:\xampp\htdocs\evently\app\controllers\CheckoutController.php(239): Trees\Controller\Controller->render('checkout/paymen...', Array)
#1 C:\xampp\htdocs\evently\core\Trees.php(234): App\Controllers\CheckoutController->paymentPage(Object(Trees\Http\Request), Object(Trees\Http\Response), 'EVT_1757156526_...')
#2 C:\xampp\htdocs\evently\core\Trees.php(212): Trees\Trees->invokeController('App\\Controllers...', 'paymentPage', Array)
#3 C:\xampp\htdocs\evently\core\Trees.php(171): Trees\Trees->executeHandler(Object(Trees\Router\Route))
#4 C:\xampp\htdocs\evently\core\Trees.php(139): Trees\Trees->dispatch()
#5 C:\xampp\htdocs\evently\public\index.php(8): Trees\Trees->run()
#6 {main}

[2025-09-06 12:38:30] Error: Typed property Trees\Controller\Controller::$view must not be accessed before initialization in C:\xampp\htdocs\evently\app\controllers\CheckoutController.php on line 26
Stack trace:
#0 C:\xampp\htdocs\evently\core\Trees.php(228): App\Controllers\CheckoutController->__construct()
#1 C:\xampp\htdocs\evently\core\Trees.php(212): Trees\Trees->invokeController('App\\Controllers...', 'paymentPage', Array)
#2 C:\xampp\htdocs\evently\core\Trees.php(171): Trees\Trees->executeHandler(Object(Trees\Router\Route))
#3 C:\xampp\htdocs\evently\core\Trees.php(139): Trees\Trees->dispatch()
#4 C:\xampp\htdocs\evently\public\index.php(8): Trees\Trees->run()
#5 {main}

[2025-09-06 12:38:33] Error: Typed property Trees\Controller\Controller::$view must not be accessed before initialization in C:\xampp\htdocs\evently\app\controllers\CheckoutController.php on line 26
Stack trace:
#0 C:\xampp\htdocs\evently\core\Trees.php(228): App\Controllers\CheckoutController->__construct()
#1 C:\xampp\htdocs\evently\core\Trees.php(212): Trees\Trees->invokeController('App\\Controllers...', 'paymentPage', Array)
#2 C:\xampp\htdocs\evently\core\Trees.php(171): Trees\Trees->executeHandler(Object(Trees\Router\Route))
#3 C:\xampp\htdocs\evently\core\Trees.php(139): Trees\Trees->dispatch()
#4 C:\xampp\htdocs\evently\public\index.php(8): Trees\Trees->run()
#5 {main}

[2025-09-06 12:46:38] ErrorException: Undefined variable $checkoutData in C:\xampp\htdocs\evently\storage\cache\temp_68bc1f1e301887.61295782.php on line 20
Stack trace:
#0 C:\xampp\htdocs\evently\storage\cache\temp_68bc1f1e301887.61295782.php(20): Trees\Exception\Handler\ExceptionHandler->handleError(2, 'Undefined varia...', 'C:\\xampp\\htdocs...', 20)
#1 C:\xampp\htdocs\evently\core\View\View.php(559): include('C:\\xampp\\htdocs...')
#2 C:\xampp\htdocs\evently\core\View\View.php(298): Trees\View\View->evaluateTemplate('<?php\r\n\r\n?>\r\n\r\n...', Array, 'C:\\xampp\\htdocs...')
#3 C:\xampp\htdocs\evently\core\View\View.php(147): Trees\View\View->renderTemplate('checkout/paymen...', Array)
#4 C:\xampp\htdocs\evently\core\Controller\Controller.php(34): Trees\View\View->render('checkout/paymen...', Array)
#5 C:\xampp\htdocs\evently\app\controllers\CheckoutController.php(243): Trees\Controller\Controller->render('checkout/paymen...', Array)
#6 C:\xampp\htdocs\evently\core\Trees.php(234): App\Controllers\CheckoutController->paymentPage(Object(Trees\Http\Request), Object(Trees\Http\Response), 'EVT_1757156526_...')
#7 C:\xampp\htdocs\evently\core\Trees.php(212): Trees\Trees->invokeController('App\\Controllers...', 'paymentPage', Array)
#8 C:\xampp\htdocs\evently\core\Trees.php(171): Trees\Trees->executeHandler(Object(Trees\Router\Route))
#9 C:\xampp\htdocs\evently\core\Trees.php(139): Trees\Trees->dispatch()
#10 C:\xampp\htdocs\evently\public\index.php(8): Trees\Trees->run()
#11 {main}

[2025-09-06 12:47:19] ErrorException: Undefined variable $checkoutData in C:\xampp\htdocs\evently\storage\cache\temp_68bc1f46ee2448.02725663.php on line 28
Stack trace:
#0 C:\xampp\htdocs\evently\storage\cache\temp_68bc1f46ee2448.02725663.php(28): Trees\Exception\Handler\ExceptionHandler->handleError(2, 'Undefined varia...', 'C:\\xampp\\htdocs...', 28)
#1 C:\xampp\htdocs\evently\core\View\View.php(559): include('C:\\xampp\\htdocs...')
#2 C:\xampp\htdocs\evently\core\View\View.php(298): Trees\View\View->evaluateTemplate('<?php\r\n\r\n?>\r\n\r\n...', Array, 'C:\\xampp\\htdocs...')
#3 C:\xampp\htdocs\evently\core\View\View.php(147): Trees\View\View->renderTemplate('checkout/paymen...', Array)
#4 C:\xampp\htdocs\evently\core\Controller\Controller.php(34): Trees\View\View->render('checkout/paymen...', Array)
#5 C:\xampp\htdocs\evently\app\controllers\CheckoutController.php(243): Trees\Controller\Controller->render('checkout/paymen...', Array)
#6 C:\xampp\htdocs\evently\core\Trees.php(234): App\Controllers\CheckoutController->paymentPage(Object(Trees\Http\Request), Object(Trees\Http\Response), 'EVT_1757156526_...')
#7 C:\xampp\htdocs\evently\core\Trees.php(212): Trees\Trees->invokeController('App\\Controllers...', 'paymentPage', Array)
#8 C:\xampp\htdocs\evently\core\Trees.php(171): Trees\Trees->executeHandler(Object(Trees\Router\Route))
#9 C:\xampp\htdocs\evently\core\Trees.php(139): Trees\Trees->dispatch()
#10 C:\xampp\htdocs\evently\public\index.php(8): Trees\Trees->run()
#11 {main}

[2025-09-06 13:21:10] ErrorException: Undefined variable $email in C:\xampp\htdocs\evently\storage\cache\temp_68bc2735e465a5.40816674.php on line 268
Stack trace:
#0 C:\xampp\htdocs\evently\storage\cache\temp_68bc2735e465a5.40816674.php(268): Trees\Exception\Handler\ExceptionHandler->handleError(2, 'Undefined varia...', 'C:\\xampp\\htdocs...', 268)
#1 C:\xampp\htdocs\evently\core\View\View.php(559): include('C:\\xampp\\htdocs...')
#2 C:\xampp\htdocs\evently\core\View\View.php(298): Trees\View\View->evaluateTemplate('<?php\r\n\r\n?>\r\n\r\n...', Array, 'C:\\xampp\\htdocs...')
#3 C:\xampp\htdocs\evently\core\View\View.php(147): Trees\View\View->renderTemplate('checkout/paymen...', Array)
#4 C:\xampp\htdocs\evently\core\Controller\Controller.php(34): Trees\View\View->render('checkout/paymen...', Array)
#5 C:\xampp\htdocs\evently\app\controllers\CheckoutController.php(243): Trees\Controller\Controller->render('checkout/paymen...', Array)
#6 C:\xampp\htdocs\evently\core\Trees.php(234): App\Controllers\CheckoutController->paymentPage(Object(Trees\Http\Request), Object(Trees\Http\Response), 'EVT_1757156526_...')
#7 C:\xampp\htdocs\evently\core\Trees.php(212): Trees\Trees->invokeController('App\\Controllers...', 'paymentPage', Array)
#8 C:\xampp\htdocs\evently\core\Trees.php(171): Trees\Trees->executeHandler(Object(Trees\Router\Route))
#9 C:\xampp\htdocs\evently\core\Trees.php(139): Trees\Trees->dispatch()
#10 C:\xampp\htdocs\evently\public\index.php(8): Trees\Trees->run()
#11 {main}

[2025-09-06 13:21:45] ErrorException: Undefined variable $amount in C:\xampp\htdocs\evently\storage\cache\temp_68bc275940d400.82573166.php on line 269
Stack trace:
#0 C:\xampp\htdocs\evently\storage\cache\temp_68bc275940d400.82573166.php(269): Trees\Exception\Handler\ExceptionHandler->handleError(2, 'Undefined varia...', 'C:\\xampp\\htdocs...', 269)
#1 C:\xampp\htdocs\evently\core\View\View.php(559): include('C:\\xampp\\htdocs...')
#2 C:\xampp\htdocs\evently\core\View\View.php(298): Trees\View\View->evaluateTemplate('<?php\r\n\r\n?>\r\n\r\n...', Array, 'C:\\xampp\\htdocs...')
#3 C:\xampp\htdocs\evently\core\View\View.php(147): Trees\View\View->renderTemplate('checkout/paymen...', Array)
#4 C:\xampp\htdocs\evently\core\Controller\Controller.php(34): Trees\View\View->render('checkout/paymen...', Array)
#5 C:\xampp\htdocs\evently\app\controllers\CheckoutController.php(243): Trees\Controller\Controller->render('checkout/paymen...', Array)
#6 C:\xampp\htdocs\evently\core\Trees.php(234): App\Controllers\CheckoutController->paymentPage(Object(Trees\Http\Request), Object(Trees\Http\Response), 'EVT_1757156526_...')
#7 C:\xampp\htdocs\evently\core\Trees.php(212): Trees\Trees->invokeController('App\\Controllers...', 'paymentPage', Array)
#8 C:\xampp\htdocs\evently\core\Trees.php(171): Trees\Trees->executeHandler(Object(Trees\Router\Route))
#9 C:\xampp\htdocs\evently\core\Trees.php(139): Trees\Trees->dispatch()
#10 C:\xampp\htdocs\evently\public\index.php(8): Trees\Trees->run()
#11 {main}

