[2025-08-30 00:47:43] Trees\Exception\TreesException: Route not found for path: /admin/events/create in C:\xampp\htdocs\evently\core\Router\Router.php on line 53
Stack trace:
#0 C:\xampp\htdocs\evently\core\Trees.php(169): Trees\Router\Router->resolve(Object(Trees\Http\Request))
#1 C:\xampp\htdocs\evently\core\Trees.php(139): Trees\Trees->dispatch()
#2 C:\xampp\htdocs\evently\public\index.php(8): Trees\Trees->run()
#3 {main}

[2025-08-30 00:48:19] Trees\Exception\TreesException: Validation rule 'date' does not exist. in C:\xampp\htdocs\evently\core\Validation\Validator.php on line 87
Stack trace:
#0 C:\xampp\htdocs\evently\core\Validation\Validator.php(97): Trees\Validation\Validator->passes()
#1 C:\xampp\htdocs\evently\core\Http\Request.php(85): Trees\Validation\Validator->fails()
#2 C:\xampp\htdocs\evently\app\controllers\AdminEventController.php(65): Trees\Http\Request->validate(Array, false)
#3 C:\xampp\htdocs\evently\core\Trees.php(234): App\controllers\AdminEventController->insert(Object(Trees\Http\Request), Object(Trees\Http\Response))
#4 C:\xampp\htdocs\evently\core\Trees.php(212): Trees\Trees->invokeController('App\\controllers...', 'insert', Array)
#5 C:\xampp\htdocs\evently\core\Trees.php(171): Trees\Trees->executeHandler(Object(Trees\Router\Route))
#6 C:\xampp\htdocs\evently\core\Trees.php(139): Trees\Trees->dispatch()
#7 C:\xampp\htdocs\evently\public\index.php(8): Trees\Trees->run()
#8 {main}

[2025-08-30 14:33:55] TypeError: Unsupported operand types: string + int in C:\xampp\htdocs\evently\core\Dumper\Dumper.php on line 84
Stack trace:
#0 C:\xampp\htdocs\evently\core\dump_function.php(20): Trees\Dumper\Dumper::dump(vars: Array)
#1 C:\xampp\htdocs\evently\app\controllers\AdminEventController.php(48): dd(vars: Array)
#2 C:\xampp\htdocs\evently\core\Trees.php(234): App\controllers\AdminEventController->insert(Object(Trees\Http\Request), Object(Trees\Http\Response))
#3 C:\xampp\htdocs\evently\core\Trees.php(212): Trees\Trees->invokeController('App\\controllers...', 'insert', Array)
#4 C:\xampp\htdocs\evently\core\Trees.php(171): Trees\Trees->executeHandler(Object(Trees\Router\Route))
#5 C:\xampp\htdocs\evently\core\Trees.php(139): Trees\Trees->dispatch()
#6 C:\xampp\htdocs\evently\public\index.php(8): Trees\Trees->run()
#7 {main}

[2025-08-30 14:36:11] TypeError: Unsupported operand types: string + int in C:\xampp\htdocs\evently\core\Dumper\Dumper.php on line 84
Stack trace:
#0 C:\xampp\htdocs\evently\core\dump_function.php(20): Trees\Dumper\Dumper::dump(vars: Array)
#1 C:\xampp\htdocs\evently\app\controllers\AdminEventController.php(48): dd(vars: Array)
#2 C:\xampp\htdocs\evently\core\Trees.php(234): App\controllers\AdminEventController->insert(Object(Trees\Http\Request), Object(Trees\Http\Response))
#3 C:\xampp\htdocs\evently\core\Trees.php(212): Trees\Trees->invokeController('App\\controllers...', 'insert', Array)
#4 C:\xampp\htdocs\evently\core\Trees.php(171): Trees\Trees->executeHandler(Object(Trees\Router\Route))
#5 C:\xampp\htdocs\evently\core\Trees.php(139): Trees\Trees->dispatch()
#6 C:\xampp\htdocs\evently\public\index.php(8): Trees\Trees->run()
#7 {main}

[2025-08-30 14:36:42] TypeError: Unsupported operand types: string + int in C:\xampp\htdocs\evently\core\Dumper\Dumper.php on line 84
Stack trace:
#0 C:\xampp\htdocs\evently\core\dump_function.php(20): Trees\Dumper\Dumper::dump(vars: Array)
#1 C:\xampp\htdocs\evently\app\controllers\AdminEventController.php(48): dd(vars: Array)
#2 C:\xampp\htdocs\evently\core\Trees.php(234): App\controllers\AdminEventController->insert(Object(Trees\Http\Request), Object(Trees\Http\Response))
#3 C:\xampp\htdocs\evently\core\Trees.php(212): Trees\Trees->invokeController('App\\controllers...', 'insert', Array)
#4 C:\xampp\htdocs\evently\core\Trees.php(171): Trees\Trees->executeHandler(Object(Trees\Router\Route))
#5 C:\xampp\htdocs\evently\core\Trees.php(139): Trees\Trees->dispatch()
#6 C:\xampp\htdocs\evently\public\index.php(8): Trees\Trees->run()
#7 {main}

[30-Aug-2025 15:01:33 UTC] [FileUploader] info: Created upload directory: uploads/events/ with permissions 0755
[30-Aug-2025 20:42:15 UTC] Missing PUBLIC_PATH or APP_URL configuration
[30-Aug-2025 20:42:15 UTC] Missing PUBLIC_PATH or APP_URL configuration
[30-Aug-2025 20:42:24 UTC] Missing PUBLIC_PATH or APP_URL configuration
[30-Aug-2025 20:42:24 UTC] Missing PUBLIC_PATH or APP_URL configuration
[30-Aug-2025 20:43:38 UTC] Missing PUBLIC_PATH or APP_URL configuration
[30-Aug-2025 20:43:38 UTC] Missing PUBLIC_PATH or APP_URL configuration
[30-Aug-2025 20:43:40 UTC] Missing PUBLIC_PATH or APP_URL configuration
[30-Aug-2025 20:43:40 UTC] Missing PUBLIC_PATH or APP_URL configuration
[30-Aug-2025 20:47:00 UTC] Missing PUBLIC_PATH or APP_URL configuration
[30-Aug-2025 20:47:00 UTC] Missing PUBLIC_PATH or APP_URL configuration
[30-Aug-2025 20:50:17 UTC] Missing PUBLIC_PATH or APP_URL configuration
[30-Aug-2025 20:50:17 UTC] Missing PUBLIC_PATH or APP_URL configuration
[30-Aug-2025 20:50:39 UTC] Missing PUBLIC_PATH or APP_URL configuration
[30-Aug-2025 20:50:39 UTC] Missing PUBLIC_PATH or APP_URL configuration
[30-Aug-2025 20:50:41 UTC] Missing PUBLIC_PATH or APP_URL configuration
[30-Aug-2025 20:50:41 UTC] Missing PUBLIC_PATH or APP_URL configuration
[2025-08-30 20:53:39] Trees\Exception\TreesException: Route not found for path: /admin/events/uploads/events/68b3226ca9553_c4b29757.jpg in C:\xampp\htdocs\evently\core\Router\Router.php on line 53
Stack trace:
#0 C:\xampp\htdocs\evently\core\Trees.php(169): Trees\Router\Router->resolve(Object(Trees\Http\Request))
#1 C:\xampp\htdocs\evently\core\Trees.php(139): Trees\Trees->dispatch()
#2 C:\xampp\htdocs\evently\public\index.php(8): Trees\Trees->run()
#3 {main}

[2025-08-30 20:53:39] Trees\Exception\TreesException: Route not found for path: /admin/events/uploads/events/68b31e6019708_a9ca4324.png in C:\xampp\htdocs\evently\core\Router\Router.php on line 53
Stack trace:
#0 C:\xampp\htdocs\evently\core\Trees.php(169): Trees\Router\Router->resolve(Object(Trees\Http\Request))
#1 C:\xampp\htdocs\evently\core\Trees.php(139): Trees\Trees->dispatch()
#2 C:\xampp\htdocs\evently\public\index.php(8): Trees\Trees->run()
#3 {main}

[2025-08-30 21:25:03] Trees\Exception\TreesException: Route not found for path: /admin/events/uploads/events/68b31e6019708_a9ca4324.png in C:\xampp\htdocs\evently\core\Router\Router.php on line 53
Stack trace:
#0 C:\xampp\htdocs\evently\core\Trees.php(169): Trees\Router\Router->resolve(Object(Trees\Http\Request))
#1 C:\xampp\htdocs\evently\core\Trees.php(139): Trees\Trees->dispatch()
#2 C:\xampp\htdocs\evently\public\index.php(8): Trees\Trees->run()
#3 {main}

