[2025-09-04 05:08:25] Trees\Exception\TreesException: Route not found for path: /dist/css/bootstrap.min.css.map in C:\xampp\htdocs\evently\core\Router\Router.php on line 53
Stack trace:
#0 C:\xampp\htdocs\evently\core\Trees.php(169): Trees\Router\Router->resolve(Object(Trees\Http\Request))
#1 C:\xampp\htdocs\evently\core\Trees.php(139): Trees\Trees->dispatch()
#2 C:\xampp\htdocs\evently\public\index.php(8): Trees\Trees->run()
#3 {main}

[2025-09-04 05:09:55] Trees\Exception\TreesException: Route not found for path: /dist/css/bootstrap.min.css.map in C:\xampp\htdocs\evently\core\Router\Router.php on line 53
Stack trace:
#0 C:\xampp\htdocs\evently\core\Trees.php(169): Trees\Router\Router->resolve(Object(Trees\Http\Request))
#1 C:\xampp\htdocs\evently\core\Trees.php(139): Trees\Trees->dispatch()
#2 C:\xampp\htdocs\evently\public\index.php(8): Trees\Trees->run()
#3 {main}

[2025-09-04 06:18:56] Trees\Exception\TreesException: Route not found for path: /events/6 in C:\xampp\htdocs\evently\core\Router\Router.php on line 53
Stack trace:
#0 C:\xampp\htdocs\evently\core\Trees.php(169): Trees\Router\Router->resolve(Object(Trees\Http\Request))
#1 C:\xampp\htdocs\evently\core\Trees.php(139): Trees\Trees->dispatch()
#2 C:\xampp\htdocs\evently\public\index.php(8): Trees\Trees->run()
#3 {main}

[2025-09-04 10:30:05] ErrorException: Undefined array key "ticket_name" in C:\xampp\htdocs\evently\storage\cache\temp_68b95c1d87d342.46451322.php on line 80
Stack trace:
#0 C:\xampp\htdocs\evently\storage\cache\temp_68b95c1d87d342.46451322.php(80): Trees\Exception\Handler\ExceptionHandler->handleError(2, 'Undefined array...', 'C:\\xampp\\htdocs...', 80)
#1 C:\xampp\htdocs\evently\core\View\View.php(559): include('C:\\xampp\\htdocs...')
#2 C:\xampp\htdocs\evently\core\View\View.php(298): Trees\View\View->evaluateTemplate('<?php\r\n\r\nuse Ap...', Array, 'C:\\xampp\\htdocs...')
#3 C:\xampp\htdocs\evently\core\View\View.php(147): Trees\View\View->renderTemplate('event', Array)
#4 C:\xampp\htdocs\evently\core\Controller\Controller.php(34): Trees\View\View->render('event', Array)
#5 C:\xampp\htdocs\evently\app\controllers\EventController.php(187): Trees\Controller\Controller->render('event', Array)
#6 C:\xampp\htdocs\evently\core\Trees.php(234): App\controllers\EventController->event(Object(Trees\Http\Request), Object(Trees\Http\Response), '7', 'natti_beach_par...')
#7 C:\xampp\htdocs\evently\core\Trees.php(212): Trees\Trees->invokeController('App\\controllers...', 'event', Array)
#8 C:\xampp\htdocs\evently\core\Trees.php(171): Trees\Trees->executeHandler(Object(Trees\Router\Route))
#9 C:\xampp\htdocs\evently\core\Trees.php(139): Trees\Trees->dispatch()
#10 C:\xampp\htdocs\evently\public\index.php(8): Trees\Trees->run()
#11 {main}

[2025-09-04 10:38:08] Trees\Exception\TreesException: Route not found for path: /dist/css/bootstrap.min.css.map in C:\xampp\htdocs\evently\core\Router\Router.php on line 53
Stack trace:
#0 C:\xampp\htdocs\evently\core\Trees.php(169): Trees\Router\Router->resolve(Object(Trees\Http\Request))
#1 C:\xampp\htdocs\evently\core\Trees.php(139): Trees\Trees->dispatch()
#2 C:\xampp\htdocs\evently\public\index.php(8): Trees\Trees->run()
#3 {main}

[2025-09-04 11:28:30] Trees\Exception\TreesException: Route not found for path: /dist/css/bootstrap.min.css.map in C:\xampp\htdocs\evently\core\Router\Router.php on line 53
Stack trace:
#0 C:\xampp\htdocs\evently\core\Trees.php(169): Trees\Router\Router->resolve(Object(Trees\Http\Request))
#1 C:\xampp\htdocs\evently\core\Trees.php(139): Trees\Trees->dispatch()
#2 C:\xampp\htdocs\evently\public\index.php(8): Trees\Trees->run()
#3 {main}

[2025-09-04 11:28:50] Trees\Exception\TreesException: Route not found for path: /dist/css/bootstrap.min.css.map in C:\xampp\htdocs\evently\core\Router\Router.php on line 53
Stack trace:
#0 C:\xampp\htdocs\evently\core\Trees.php(169): Trees\Router\Router->resolve(Object(Trees\Http\Request))
#1 C:\xampp\htdocs\evently\core\Trees.php(139): Trees\Trees->dispatch()
#2 C:\xampp\htdocs\evently\public\index.php(8): Trees\Trees->run()
#3 {main}

[2025-09-04 11:28:57] Trees\Exception\TreesException: Route not found for path: /dist/css/bootstrap.min.css.map in C:\xampp\htdocs\evently\core\Router\Router.php on line 53
Stack trace:
#0 C:\xampp\htdocs\evently\core\Trees.php(169): Trees\Router\Router->resolve(Object(Trees\Http\Request))
#1 C:\xampp\htdocs\evently\core\Trees.php(139): Trees\Trees->dispatch()
#2 C:\xampp\htdocs\evently\public\index.php(8): Trees\Trees->run()
#3 {main}

[2025-09-04 11:45:04] Trees\Exception\TreesException: Route not found for path: /events/6 in C:\xampp\htdocs\evently\core\Router\Router.php on line 53
Stack trace:
#0 C:\xampp\htdocs\evently\core\Trees.php(169): Trees\Router\Router->resolve(Object(Trees\Http\Request))
#1 C:\xampp\htdocs\evently\core\Trees.php(139): Trees\Trees->dispatch()
#2 C:\xampp\htdocs\evently\public\index.php(8): Trees\Trees->run()
#3 {main}

[2025-09-04 11:45:04] Trees\Exception\TreesException: Route not found for path: /events/black_out_party in C:\xampp\htdocs\evently\core\Router\Router.php on line 53
Stack trace:
#0 C:\xampp\htdocs\evently\core\Trees.php(169): Trees\Router\Router->resolve(Object(Trees\Http\Request))
#1 C:\xampp\htdocs\evently\core\Trees.php(139): Trees\Trees->dispatch()
#2 C:\xampp\htdocs\evently\public\index.php(8): Trees\Trees->run()
#3 {main}

[2025-09-04 11:45:05] Trees\Exception\TreesException: Route not found for path: /events/6 in C:\xampp\htdocs\evently\core\Router\Router.php on line 53
Stack trace:
#0 C:\xampp\htdocs\evently\core\Trees.php(169): Trees\Router\Router->resolve(Object(Trees\Http\Request))
#1 C:\xampp\htdocs\evently\core\Trees.php(139): Trees\Trees->dispatch()
#2 C:\xampp\htdocs\evently\public\index.php(8): Trees\Trees->run()
#3 {main}

[2025-09-04 11:45:07] Trees\Exception\TreesException: Route not found for path: /events/6 in C:\xampp\htdocs\evently\core\Router\Router.php on line 53
Stack trace:
#0 C:\xampp\htdocs\evently\core\Trees.php(169): Trees\Router\Router->resolve(Object(Trees\Http\Request))
#1 C:\xampp\htdocs\evently\core\Trees.php(139): Trees\Trees->dispatch()
#2 C:\xampp\htdocs\evently\public\index.php(8): Trees\Trees->run()
#3 {main}

