[2025-08-28 00:25:38] Trees\Exception\TreesException: Route not found for path: /dist/css/fonts/bootstrap-icons.woff2 in C:\xampp\htdocs\evently\core\Router\Router.php on line 53
Stack trace:
#0 C:\xampp\htdocs\evently\core\Trees.php(169): Trees\Router\Router->resolve(Object(Trees\Http\Request))
#1 C:\xampp\htdocs\evently\core\Trees.php(139): Trees\Trees->dispatch()
#2 C:\xampp\htdocs\evently\public\index.php(8): Trees\Trees->run()
#3 {main}

[2025-08-28 00:25:38] Trees\Exception\TreesException: Route not found for path: /dist/css/fonts/bootstrap-icons.woff in C:\xampp\htdocs\evently\core\Router\Router.php on line 53
Stack trace:
#0 C:\xampp\htdocs\evently\core\Trees.php(169): Trees\Router\Router->resolve(Object(Trees\Http\Request))
#1 C:\xampp\htdocs\evently\core\Trees.php(139): Trees\Trees->dispatch()
#2 C:\xampp\htdocs\evently\public\index.php(8): Trees\Trees->run()
#3 {main}

[2025-08-28 00:25:44] Trees\Exception\TreesException: Route not found for path: /dist/css/fonts/bootstrap-icons.woff2 in C:\xampp\htdocs\evently\core\Router\Router.php on line 53
Stack trace:
#0 C:\xampp\htdocs\evently\core\Trees.php(169): Trees\Router\Router->resolve(Object(Trees\Http\Request))
#1 C:\xampp\htdocs\evently\core\Trees.php(139): Trees\Trees->dispatch()
#2 C:\xampp\htdocs\evently\public\index.php(8): Trees\Trees->run()
#3 {main}

[2025-08-28 00:25:44] Trees\Exception\TreesException: Route not found for path: /dist/css/fonts/bootstrap-icons.woff in C:\xampp\htdocs\evently\core\Router\Router.php on line 53
Stack trace:
#0 C:\xampp\htdocs\evently\core\Trees.php(169): Trees\Router\Router->resolve(Object(Trees\Http\Request))
#1 C:\xampp\htdocs\evently\core\Trees.php(139): Trees\Trees->dispatch()
#2 C:\xampp\htdocs\evently\public\index.php(8): Trees\Trees->run()
#3 {main}

[2025-08-28 01:41:45] Trees\Exception\TreesException: Route not found for path: /login in C:\xampp\htdocs\evently\core\Router\Router.php on line 53
Stack trace:
#0 C:\xampp\htdocs\evently\core\Trees.php(169): Trees\Router\Router->resolve(Object(Trees\Http\Request))
#1 C:\xampp\htdocs\evently\core\Trees.php(139): Trees\Trees->dispatch()
#2 C:\xampp\htdocs\evently\public\index.php(8): Trees\Trees->run()
#3 {main}

[2025-08-28 01:50:34] Trees\Exception\TreesException: Route not found for path: /index.html in C:\xampp\htdocs\evently\core\Router\Router.php on line 53
Stack trace:
#0 C:\xampp\htdocs\evently\core\Trees.php(169): Trees\Router\Router->resolve(Object(Trees\Http\Request))
#1 C:\xampp\htdocs\evently\core\Trees.php(139): Trees\Trees->dispatch()
#2 C:\xampp\htdocs\evently\public\index.php(8): Trees\Trees->run()
#3 {main}

[2025-08-28 12:46:38] Trees\Exception\TreesException: Route not found for path: /admin/events/create in C:\xampp\htdocs\evently\core\Router\Router.php on line 53
Stack trace:
#0 C:\xampp\htdocs\evently\core\Trees.php(169): Trees\Router\Router->resolve(Object(Trees\Http\Request))
#1 C:\xampp\htdocs\evently\core\Trees.php(139): Trees\Trees->dispatch()
#2 C:\xampp\htdocs\evently\public\index.php(8): Trees\Trees->run()
#3 {main}

[2025-08-28 20:06:25] Trees\Exception\TreesException: Route not found for path: /admin/users/manage in C:\xampp\htdocs\evently\core\Router\Router.php on line 53
Stack trace:
#0 C:\xampp\htdocs\evently\core\Trees.php(169): Trees\Router\Router->resolve(Object(Trees\Http\Request))
#1 C:\xampp\htdocs\evently\core\Trees.php(139): Trees\Trees->dispatch()
#2 C:\xampp\htdocs\evently\public\index.php(8): Trees\Trees->run()
#3 {main}

[2025-08-28 20:20:40] Trees\Exception\TreesException: Route not found for path: /admin/categories/create in C:\xampp\htdocs\evently\core\Router\Router.php on line 53
Stack trace:
#0 C:\xampp\htdocs\evently\core\Trees.php(169): Trees\Router\Router->resolve(Object(Trees\Http\Request))
#1 C:\xampp\htdocs\evently\core\Trees.php(139): Trees\Trees->dispatch()
#2 C:\xampp\htdocs\evently\public\index.php(8): Trees\Trees->run()
#3 {main}

[2025-08-28 23:00:21] Trees\Exception\TreesException: No routes registered for method: POST in C:\xampp\htdocs\evently\core\Router\Router.php on line 44
Stack trace:
#0 C:\xampp\htdocs\evently\core\Trees.php(169): Trees\Router\Router->resolve(Object(Trees\Http\Request))
#1 C:\xampp\htdocs\evently\core\Trees.php(139): Trees\Trees->dispatch()
#2 C:\xampp\htdocs\evently\public\index.php(8): Trees\Trees->run()
#3 {main}

[2025-08-28 23:05:24] Trees\Exception\TreesException: No routes registered for method: POST in C:\xampp\htdocs\evently\core\Router\Router.php on line 44
Stack trace:
#0 C:\xampp\htdocs\evently\core\Trees.php(169): Trees\Router\Router->resolve(Object(Trees\Http\Request))
#1 C:\xampp\htdocs\evently\core\Trees.php(139): Trees\Trees->dispatch()
#2 C:\xampp\htdocs\evently\public\index.php(8): Trees\Trees->run()
#3 {main}

[2025-08-28 23:05:56] Trees\Exception\TreesException: No routes registered for method: POST in C:\xampp\htdocs\evently\core\Router\Router.php on line 44
Stack trace:
#0 C:\xampp\htdocs\evently\core\Trees.php(169): Trees\Router\Router->resolve(Object(Trees\Http\Request))
#1 C:\xampp\htdocs\evently\core\Trees.php(139): Trees\Trees->dispatch()
#2 C:\xampp\htdocs\evently\public\index.php(8): Trees\Trees->run()
#3 {main}

[2025-08-28 23:06:03] Trees\Exception\TreesException: No routes registered for method: POST in C:\xampp\htdocs\evently\core\Router\Router.php on line 44
Stack trace:
#0 C:\xampp\htdocs\evently\core\Trees.php(169): Trees\Router\Router->resolve(Object(Trees\Http\Request))
#1 C:\xampp\htdocs\evently\core\Trees.php(139): Trees\Trees->dispatch()
#2 C:\xampp\htdocs\evently\public\index.php(8): Trees\Trees->run()
#3 {main}

[2025-08-28 23:16:52] Trees\Exception\TreesException: No routes registered for method: POST in C:\xampp\htdocs\evently\core\Router\Router.php on line 44
Stack trace:
#0 C:\xampp\htdocs\evently\core\Trees.php(169): Trees\Router\Router->resolve(Object(Trees\Http\Request))
#1 C:\xampp\htdocs\evently\core\Trees.php(139): Trees\Trees->dispatch()
#2 C:\xampp\htdocs\evently\public\index.php(8): Trees\Trees->run()
#3 {main}

[2025-08-28 23:28:53] Trees\Exception\TreesException: No routes registered for method: POST in C:\xampp\htdocs\evently\core\Router\Router.php on line 44
Stack trace:
#0 C:\xampp\htdocs\evently\core\Trees.php(169): Trees\Router\Router->resolve(Object(Trees\Http\Request))
#1 C:\xampp\htdocs\evently\core\Trees.php(139): Trees\Trees->dispatch()
#2 C:\xampp\htdocs\evently\public\index.php(8): Trees\Trees->run()
#3 {main}

[2025-08-28 23:29:28] Trees\Exception\TreesException: No routes registered for method: POST in C:\xampp\htdocs\evently\core\Router\Router.php on line 44
Stack trace:
#0 C:\xampp\htdocs\evently\core\Trees.php(169): Trees\Router\Router->resolve(Object(Trees\Http\Request))
#1 C:\xampp\htdocs\evently\core\Trees.php(139): Trees\Trees->dispatch()
#2 C:\xampp\htdocs\evently\public\index.php(8): Trees\Trees->run()
#3 {main}

[2025-08-28 23:29:37] Trees\Exception\TreesException: No routes registered for method: POST in C:\xampp\htdocs\evently\core\Router\Router.php on line 44
Stack trace:
#0 C:\xampp\htdocs\evently\core\Trees.php(169): Trees\Router\Router->resolve(Object(Trees\Http\Request))
#1 C:\xampp\htdocs\evently\core\Trees.php(139): Trees\Trees->dispatch()
#2 C:\xampp\htdocs\evently\public\index.php(8): Trees\Trees->run()
#3 {main}

[2025-08-28 23:29:46] Trees\Exception\TreesException: No routes registered for method: POST in C:\xampp\htdocs\evently\core\Router\Router.php on line 44
Stack trace:
#0 C:\xampp\htdocs\evently\core\Trees.php(169): Trees\Router\Router->resolve(Object(Trees\Http\Request))
#1 C:\xampp\htdocs\evently\core\Trees.php(139): Trees\Trees->dispatch()
#2 C:\xampp\htdocs\evently\public\index.php(8): Trees\Trees->run()
#3 {main}

[2025-08-28 23:29:54] Trees\Exception\TreesException: No routes registered for method: POST in C:\xampp\htdocs\evently\core\Router\Router.php on line 44
Stack trace:
#0 C:\xampp\htdocs\evently\core\Trees.php(169): Trees\Router\Router->resolve(Object(Trees\Http\Request))
#1 C:\xampp\htdocs\evently\core\Trees.php(139): Trees\Trees->dispatch()
#2 C:\xampp\htdocs\evently\public\index.php(8): Trees\Trees->run()
#3 {main}

[2025-08-28 23:32:52] Trees\Exception\TreesException: No routes registered for method: POST in C:\xampp\htdocs\evently\core\Router\Router.php on line 44
Stack trace:
#0 C:\xampp\htdocs\evently\core\Trees.php(169): Trees\Router\Router->resolve(Object(Trees\Http\Request))
#1 C:\xampp\htdocs\evently\core\Trees.php(139): Trees\Trees->dispatch()
#2 C:\xampp\htdocs\evently\public\index.php(8): Trees\Trees->run()
#3 {main}

[2025-08-28 23:33:14] Trees\Exception\TreesException: No routes registered for method: POST in C:\xampp\htdocs\evently\core\Router\Router.php on line 44
Stack trace:
#0 C:\xampp\htdocs\evently\core\Trees.php(169): Trees\Router\Router->resolve(Object(Trees\Http\Request))
#1 C:\xampp\htdocs\evently\core\Trees.php(139): Trees\Trees->dispatch()
#2 C:\xampp\htdocs\evently\public\index.php(8): Trees\Trees->run()
#3 {main}

[2025-08-28 23:33:38] Trees\Exception\TreesException: No routes registered for method: POST in C:\xampp\htdocs\evently\core\Router\Router.php on line 44
Stack trace:
#0 C:\xampp\htdocs\evently\core\Trees.php(169): Trees\Router\Router->resolve(Object(Trees\Http\Request))
#1 C:\xampp\htdocs\evently\core\Trees.php(139): Trees\Trees->dispatch()
#2 C:\xampp\htdocs\evently\public\index.php(8): Trees\Trees->run()
#3 {main}

[2025-08-28 23:34:13] Trees\Exception\TreesException: No routes registered for method: POST in C:\xampp\htdocs\evently\core\Router\Router.php on line 44
Stack trace:
#0 C:\xampp\htdocs\evently\core\Trees.php(169): Trees\Router\Router->resolve(Object(Trees\Http\Request))
#1 C:\xampp\htdocs\evently\core\Trees.php(139): Trees\Trees->dispatch()
#2 C:\xampp\htdocs\evently\public\index.php(8): Trees\Trees->run()
#3 {main}

[2025-08-28 23:35:52] Trees\Exception\TreesException: No routes registered for method: POST in C:\xampp\htdocs\evently\core\Router\Router.php on line 44
Stack trace:
#0 C:\xampp\htdocs\evently\core\Trees.php(169): Trees\Router\Router->resolve(Object(Trees\Http\Request))
#1 C:\xampp\htdocs\evently\core\Trees.php(139): Trees\Trees->dispatch()
#2 C:\xampp\htdocs\evently\public\index.php(8): Trees\Trees->run()
#3 {main}

[2025-08-28 23:37:24] Trees\Exception\TreesException: No routes registered for method: POST in C:\xampp\htdocs\evently\core\Router\Router.php on line 44
Stack trace:
#0 C:\xampp\htdocs\evently\core\Trees.php(169): Trees\Router\Router->resolve(Object(Trees\Http\Request))
#1 C:\xampp\htdocs\evently\core\Trees.php(139): Trees\Trees->dispatch()
#2 C:\xampp\htdocs\evently\public\index.php(8): Trees\Trees->run()
#3 {main}

